Log file open, 05/01/23 03:46:16
LogWindows: Failed to load 'aqProf.dll' (GetLastError=126)
LogWindows: File 'aqProf.dll' does not exist
LogWindows: Failed to load 'VtuneApi.dll' (GetLastError=126)
LogWindows: File 'VtuneApi.dll' does not exist
LogWindows: Failed to load 'VtuneApi32e.dll' (GetLastError=126)
LogWindows: File 'VtuneApi32e.dll' does not exist
LogConsoleResponse: Display: Failed to find resolution value strings in scalability ini. Falling back to default.
LogConsoleResponse: Display: Failed to find resolution value strings in scalability ini. Falling back to default.
LogInit: Display: Running engine for game: Inspectables
LogPlatformFile: Not using cached read wrapper
LogTaskGraph: Started task graph with 5 named threads and 47 total threads with 3 sets of task threads.
LogStats: Stats thread started at 0.215177
LogICUInternationalization: ICU TimeZone Detection - Raw Offset: +1:00, Platform Override: ''
LogInit: Display: Loading text-based GConfig....
LogPluginManager: Mounting plugin MeshPainting
LogPluginManager: Mounting plugin XGEController
LogPluginManager: Mounting plugin Paper2D
LogPluginManager: Mounting plugin LiveLink
LogPluginManager: Mounting plugin OodleData
LogPluginManager: Mounting plugin CameraShakePreviewer
LogPluginManager: Mounting plugin LightPropagationVolume
LogPluginManager: Mounting plugin GameplayCameras
LogPluginManager: Mounting plugin AnimationSharing
LogPluginManager: Mounting plugin OodleNetwork
LogPluginManager: Mounting plugin AssetManagerEditor
LogPluginManager: Mounting plugin LuminPlatformFeatures
LogPluginManager: Mounting plugin CryptoKeys
LogPluginManager: Mounting plugin CurveEditorTools
LogPluginManager: Mounting plugin MagicLeap
LogPluginManager: Mounting plugin CLionSourceCodeAccess
LogPluginManager: Mounting plugin DataValidation
LogPluginManager: Mounting plugin GameplayTagsEditor
LogPluginManager: Mounting plugin GeometryMode
LogPluginManager: Mounting plugin MacGraphicsSwitching
LogPluginManager: Mounting plugin MaterialAnalyzer
LogPluginManager: Mounting plugin FacialAnimation
LogPluginManager: Mounting plugin MobileLauncherProfileWizard
LogPluginManager: Mounting plugin MagicLeapLightEstimation
LogPluginManager: Mounting plugin AndroidMedia
LogPluginManager: Mounting plugin MagicLeapMedia
LogPluginManager: Mounting plugin PluginBrowser
LogPluginManager: Mounting plugin SpeedTreeImporter
LogPluginManager: Mounting plugin Niagara
LogPluginManager: Mounting plugin MLSDK
LogPluginManager: Mounting plugin MagicLeapPassableWorld
LogPluginManager: Mounting plugin DatasmithContent
LogPluginManager: Mounting plugin AlembicImporter
LogPluginManager: Mounting plugin AutomationUtils
LogPluginManager: Mounting plugin BackChannel
LogPluginManager: Mounting plugin AvfMedia
LogPluginManager: Mounting plugin ChaosCloth
LogPluginManager: Mounting plugin ChaosClothEditor
LogPluginManager: Mounting plugin ChaosEditor
LogPluginManager: Mounting plugin ChaosSolverPlugin
LogPluginManager: Mounting plugin ChaosNiagara
LogPluginManager: Mounting plugin ImgMedia
LogPluginManager: Mounting plugin MediaCompositing
LogPluginManager: Mounting plugin VariantManagerContent
LogPluginManager: Mounting plugin MediaPlayerEditor
LogPluginManager: Mounting plugin CharacterAI
LogPluginManager: Mounting plugin WebMMedia
LogPluginManager: Mounting plugin WmfMedia
LogPluginManager: Mounting plugin CodeLiteSourceCodeAccess
LogPluginManager: Mounting plugin GeometryCache
LogPluginManager: Mounting plugin GeometryProcessing
LogPluginManager: Mounting plugin GeometryCollectionPlugin
LogPluginManager: Mounting plugin GitSourceControl
LogPluginManager: Mounting plugin KDevelopSourceCodeAccess
LogPluginManager: Mounting plugin NullSourceCodeAccess
LogPluginManager: Mounting plugin MotoSynth
LogPluginManager: Mounting plugin OpenImageDenoise
LogPluginManager: Mounting plugin PerforceSourceControl
LogPluginManager: Mounting plugin PlanarCut
LogPluginManager: Mounting plugin PixWinPlugin
LogPluginManager: Mounting plugin PlatformCrypto
LogPluginManager: Mounting plugin ProxyLODPlugin
LogPluginManager: Mounting plugin PythonScriptPlugin
LogPluginManager: Mounting plugin PluginUtils
LogPluginManager: Mounting plugin PlasticSourceControl
LogPluginManager: Mounting plugin PropertyAccessNode
LogPluginManager: Mounting plugin SkeletalReduction
LogPluginManager: Mounting plugin RiderSourceCodeAccess
LogPluginManager: Mounting plugin SubversionSourceControl
LogPluginManager: Mounting plugin TextureFormatOodle
LogPluginManager: Mounting plugin UObjectPlugin
LogPluginManager: Mounting plugin XCodeSourceCodeAccess
LogPluginManager: Mounting plugin VisualStudioSourceCodeAccess
LogPluginManager: Mounting plugin VisualStudioCodeSourceCodeAccess
LogPluginManager: Mounting plugin ActorSequence
LogPluginManager: Mounting plugin LevelSequenceEditor
LogPluginManager: Mounting plugin MatineeToLevelSequence
LogPluginManager: Mounting plugin TemplateSequence
LogPluginManager: Mounting plugin OnlineSubsystem
LogPluginManager: Mounting plugin TcpMessaging
LogPluginManager: Mounting plugin UdpMessaging
LogPluginManager: Mounting plugin LauncherChunkInstaller
LogPluginManager: Mounting plugin OnlineSubsystemNull
LogPluginManager: Mounting plugin ActorLayerUtilities
LogPluginManager: Mounting plugin OnlineSubsystemUtils
LogPluginManager: Mounting plugin AndroidDeviceProfileSelector
LogPluginManager: Mounting plugin AndroidMoviePlayer
LogPluginManager: Mounting plugin AndroidPermission
LogPluginManager: Mounting plugin AppleImageUtils
LogPluginManager: Mounting plugin AppleMoviePlayer
LogPluginManager: Mounting plugin ArchVisCharacter
LogPluginManager: Mounting plugin AssetTags
LogPluginManager: Mounting plugin AudioSynesthesia
LogPluginManager: Mounting plugin CableComponent
LogPluginManager: Mounting plugin AudioCapture
LogPluginManager: Mounting plugin ChunkDownloader
LogPluginManager: Mounting plugin CustomMeshComponent
LogPluginManager: Mounting plugin ScreenshotTools
LogPluginManager: Mounting plugin EditableMesh
LogPluginManager: Mounting plugin ExampleDeviceProfileSelector
LogPluginManager: Mounting plugin GoogleCloudMessaging
LogPluginManager: Mounting plugin GooglePAD
LogPluginManager: Mounting plugin IOSDeviceProfileSelector
LogPluginManager: Mounting plugin LinuxDeviceProfileSelector
LogPluginManager: Mounting plugin LocationServicesBPLibrary
LogPluginManager: Mounting plugin MobilePatchingUtils
LogPluginManager: Mounting plugin OpenXR
LogPluginManager: Mounting plugin OpenXREyeTracker
LogPluginManager: Mounting plugin Takes
LogPluginManager: Mounting plugin OpenXRHandTracking
LogPluginManager: Mounting plugin PostSplashScreen
LogPluginManager: Mounting plugin ProceduralMeshComponent
LogPluginManager: Mounting plugin PhysXVehicles
LogPluginManager: Mounting plugin PropertyAccessEditor
LogPluginManager: Mounting plugin RuntimePhysXCooking
LogPluginManager: Mounting plugin SignificanceManager
LogPluginManager: Mounting plugin SoundFields
LogPluginManager: Mounting plugin Synthesis
LogPluginManager: Mounting plugin AISupport
LogPluginManager: Mounting plugin EnvironmentQueryEditor
LogPluginManager: Mounting plugin WebMMoviePlayer
LogPluginManager: Mounting plugin WindowsMoviePlayer
LogPluginManager: Mounting plugin ContentBrowserAssetDataSource
LogPluginManager: Mounting plugin ContentBrowserClassDataSource
LogPluginManager: Mounting plugin ContentBrowserFileDataSource
LogPluginManager: Mounting plugin OnlineSubsystemGooglePlay
LogPluginManager: Mounting plugin OnlineSubsystemIOS
LogPluginManager: Mounting plugin OculusVR
LogLuminAPIImpl: Warning: MLSDK not found.  This likely means the MLSDK environment variable is not set.
PixWinPlugin: PIX capture plugin failed to initialize! Check that the process is launched from PIX.
LogInit: Using libcurl 7.55.1-DEV
LogInit:  - built for x86_64-pc-win32
LogInit:  - supports SSL with OpenSSL/1.1.1
LogInit:  - supports HTTP deflate (compression) using libz 1.2.8
LogInit:  - other features:
LogInit:      CURL_VERSION_SSL
LogInit:      CURL_VERSION_LIBZ
LogInit:      CURL_VERSION_IPV6
LogInit:      CURL_VERSION_ASYNCHDNS
LogInit:      CURL_VERSION_LARGEFILE
LogInit:      CURL_VERSION_IDN
LogInit:  CurlRequestOptions (configurable via config and command line):
LogInit:  - bVerifyPeer = true  - Libcurl will verify peer certificate
LogInit:  - bUseHttpProxy = false  - Libcurl will NOT use HTTP proxy
LogInit:  - bDontReuseConnections = false  - Libcurl will reuse connections
LogInit:  - MaxHostConnections = 16  - Libcurl will limit the number of connections to a host
LogInit:  - LocalHostAddr = Default
LogInit:  - BufferSize = 65536
LogOnline: OSS: Creating online subsystem instance for: NULL
LogInit: WinSock: version 1.1 (2.2), MaxSocks=32767, MaxUdp=65467
LogOnline: OSS: TryLoadSubsystemAndSetDefault: Loaded subsystem for module [NULL]
LogOculusPluginWrapper: OculusPlugin initialized successfully
LogHMD: Failed initializing OVRPlugin 1.59.0
LogInit: Build: ++UE4+Release-4.27-CL-18319896
LogInit: Engine Version: 4.27.2-18319896+++UE4+Release-4.27
LogInit: Compatible Engine Version: 4.27.0-17155196+++UE4+Release-4.27
LogInit: Net CL: 17155196
LogInit: OS: Windows 10 (Release 2009) (), CPU: AMD Ryzen 7 5800X 8-Core Processor             , GPU: NVIDIA GeForce RTX 3070
LogInit: Compiled (64-bit): Nov 30 2021 07:12:08
LogInit: Compiled with Visual C++: 19.24.28315.00
LogInit: Build Configuration: Development
LogInit: Branch Name: ++UE4+Release-4.27
LogInit: Command Line: 
LogInit: Base Directory: F:/Unreal Engine/UE_4.27/Engine/Binaries/Win64/
LogInit: Allocator: TBB
LogInit: Installed Engine Build: 1
LogDevObjectVersion: Number of dev versions registered: 29
LogDevObjectVersion:   Dev-Blueprints (B0D832E4-1F89-4F0D-ACCF-7EB736FD4AA2): 10
LogDevObjectVersion:   Dev-Build (E1C64328-A22C-4D53-A36C-8E866417BD8C): 0
LogDevObjectVersion:   Dev-Core (375EC13C-06E4-48FB-B500-84F0262A717E): 4
LogDevObjectVersion:   Dev-Editor (E4B068ED-F494-42E9-A231-DA0B2E46BB41): 40
LogDevObjectVersion:   Dev-Framework (CFFC743F-43B0-4480-9391-14DF171D2073): 37
LogDevObjectVersion:   Dev-Mobile (B02B49B5-BB20-44E9-A304-32B752E40360): 3
LogDevObjectVersion:   Dev-Networking (A4E4105C-59A1-49B5-A7C5-40C4547EDFEE): 0
LogDevObjectVersion:   Dev-Online (39C831C9-5AE6-47DC-9A44-9C173E1C8E7C): 0
LogDevObjectVersion:   Dev-Physics (78F01B33-EBEA-4F98-B9B4-84EACCB95AA2): 14
LogDevObjectVersion:   Dev-Platform (6631380F-2D4D-43E0-8009-CF276956A95A): 0
LogDevObjectVersion:   Dev-Rendering (12F88B9F-8875-4AFC-A67C-D90C383ABD29): 45
LogDevObjectVersion:   Dev-Sequencer (7B5AE74C-D270-4C10-A958-57980B212A5A): 13
LogDevObjectVersion:   Dev-VR (D7296918-1DD6-4BDD-9DE2-64A83CC13884): 3
LogDevObjectVersion:   Dev-LoadTimes (C2A15278-BFE7-4AFE-6C17-90FF531DF755): 1
LogDevObjectVersion:   Private-Geometry (6EACA3D4-40EC-4CC1-B786-8BED09428FC5): 3
LogDevObjectVersion:   Dev-AnimPhys (29E575DD-E0A3-4627-9D10-D276232CDCEA): 17
LogDevObjectVersion:   Dev-Anim (AF43A65D-7FD3-4947-9873-3E8ED9C1BB05): 15
LogDevObjectVersion:   Dev-ReflectionCapture (6B266CEC-1EC7-4B8F-A30B-E4D90942FC07): 1
LogDevObjectVersion:   Dev-Automation (0DF73D61-A23F-47EA-B727-89E90C41499A): 1
LogDevObjectVersion:   FortniteMain (601D1886-AC64-4F84-AA16-D3DE0DEAC7D6): 47
LogDevObjectVersion:   FortniteRelease (E7086368-6B23-4C58-8439-1B7016265E91): 1
LogDevObjectVersion:   Dev-Enterprise (9DFFBCD6-494F-0158-E221-12823C92A888): 10
LogDevObjectVersion:   Dev-Niagara (F2AED0AC-9AFE-416F-8664-AA7FFA26D6FC): 1
LogDevObjectVersion:   Dev-Destruction (174F1F0B-B4C6-45A5-B13F-2EE8D0FB917D): 10
LogDevObjectVersion:   Dev-Physics-Ext (35F94A83-E258-406C-A318-09F59610247C): 41
LogDevObjectVersion:   Dev-PhysicsMaterial-Chaos (B68FC16E-8B1B-42E2-B453-215C058844FE): 1
LogDevObjectVersion:   Dev-CineCamera (B2E18506-4273-CFC2-A54E-F4BB758BBA07): 1
LogDevObjectVersion:   Dev-VirtualProduction (64F58936-FD1B-42BA-BA96-7289D5D0FA4E): 1
LogDevObjectVersion:   Dev-MediaFramework (6F0ED827-A609-4895-9C91-998D90180EA4): 2
LogInit: Presizing for max 25165824 objects, including 0 objects not considered by GC, pre-allocating 0 bytes for permanent pool.
LogConfig: Applying CVar settings from Section [/Script/Engine.StreamingSettings] File [F:/Git Proyects/Reel/Reel/Inspectables/Saved/Config/Windows/Engine.ini]
LogConfig: Setting CVar [[s.MinBulkDataSizeForAsyncLoading:131072]]
LogConfig: Setting CVar [[s.AsyncLoadingThreadEnabled:0]]
LogConfig: Setting CVar [[s.EventDrivenLoaderEnabled:1]]
LogConfig: Setting CVar [[s.WarnIfTimeLimitExceeded:0]]
LogConfig: Setting CVar [[s.TimeLimitExceededMultiplier:1.5]]
LogConfig: Setting CVar [[s.TimeLimitExceededMinTime:0.005]]
LogConfig: Setting CVar [[s.UseBackgroundLevelStreaming:1]]
LogConfig: Setting CVar [[s.PriorityAsyncLoadingExtraTime:15.0]]
LogConfig: Setting CVar [[s.LevelStreamingActorsUpdateTimeLimit:5.0]]
LogConfig: Setting CVar [[s.PriorityLevelStreamingActorsUpdateExtraTime:5.0]]
LogConfig: Setting CVar [[s.LevelStreamingComponentsRegistrationGranularity:10]]
LogConfig: Setting CVar [[s.UnregisterComponentsTimeLimit:1.0]]
LogConfig: Setting CVar [[s.LevelStreamingComponentsUnregistrationGranularity:5]]
LogConfig: Setting CVar [[s.FlushStreamingOnExit:1]]
LogInit: Object subsystem initialized
LogConfig: Setting CVar [[con.DebugEarlyDefault:1]]
LogConfig: Setting CVar [[r.setres:1280x720]]
[2023.05.01-01.46.16:909][  0]LogConfig: Setting CVar [[r.VSync:0]]
[2023.05.01-01.46.16:909][  0]LogConfig: Setting CVar [[r.RHICmdBypass:0]]
[2023.05.01-01.46.16:909][  0]LogConfig: Applying CVar settings from Section [/Script/Engine.RendererSettings] File [F:/Git Proyects/Reel/Reel/Inspectables/Saved/Config/Windows/Engine.ini]
[2023.05.01-01.46.16:909][  0]LogConfig: Setting CVar [[r.GPUCrashDebugging:0]]
[2023.05.01-01.46.16:909][  0]LogConfig: Applying CVar settings from Section [/Script/Engine.RendererOverrideSettings] File [F:/Git Proyects/Reel/Reel/Inspectables/Saved/Config/Windows/Engine.ini]
[2023.05.01-01.46.16:909][  0]LogConfig: Applying CVar settings from Section [/Script/Engine.StreamingSettings] File [F:/Git Proyects/Reel/Reel/Inspectables/Saved/Config/Windows/Engine.ini]
[2023.05.01-01.46.16:909][  0]LogConfig: Setting CVar [[s.MinBulkDataSizeForAsyncLoading:131072]]
[2023.05.01-01.46.16:909][  0]LogConfig: Setting CVar [[s.AsyncLoadingThreadEnabled:0]]
[2023.05.01-01.46.16:909][  0]LogConfig: Setting CVar [[s.EventDrivenLoaderEnabled:1]]
[2023.05.01-01.46.16:909][  0]LogConfig: Setting CVar [[s.WarnIfTimeLimitExceeded:0]]
[2023.05.01-01.46.16:909][  0]LogConfig: Setting CVar [[s.TimeLimitExceededMultiplier:1.5]]
[2023.05.01-01.46.16:909][  0]LogConfig: Setting CVar [[s.TimeLimitExceededMinTime:0.005]]
[2023.05.01-01.46.16:909][  0]LogConfig: Setting CVar [[s.UseBackgroundLevelStreaming:1]]
[2023.05.01-01.46.16:909][  0]LogConfig: Setting CVar [[s.PriorityAsyncLoadingExtraTime:15.0]]
[2023.05.01-01.46.16:909][  0]LogConfig: Setting CVar [[s.LevelStreamingActorsUpdateTimeLimit:5.0]]
[2023.05.01-01.46.16:909][  0]LogConfig: Setting CVar [[s.PriorityLevelStreamingActorsUpdateExtraTime:5.0]]
[2023.05.01-01.46.16:909][  0]LogConfig: Setting CVar [[s.LevelStreamingComponentsRegistrationGranularity:10]]
[2023.05.01-01.46.16:909][  0]LogConfig: Setting CVar [[s.UnregisterComponentsTimeLimit:1.0]]
[2023.05.01-01.46.16:909][  0]LogConfig: Setting CVar [[s.LevelStreamingComponentsUnregistrationGranularity:5]]
[2023.05.01-01.46.16:909][  0]LogConfig: Setting CVar [[s.FlushStreamingOnExit:1]]
[2023.05.01-01.46.16:909][  0]LogConfig: Applying CVar settings from Section [/Script/Engine.GarbageCollectionSettings] File [F:/Git Proyects/Reel/Reel/Inspectables/Saved/Config/Windows/Engine.ini]
[2023.05.01-01.46.16:909][  0]LogConfig: Setting CVar [[gc.MaxObjectsNotConsideredByGC:1]]
[2023.05.01-01.46.16:909][  0]LogConfig: Setting CVar [[gc.SizeOfPermanentObjectPool:0]]
[2023.05.01-01.46.16:909][  0]LogConfig: Setting CVar [[gc.FlushStreamingOnGC:0]]
[2023.05.01-01.46.16:909][  0]LogConfig: Setting CVar [[gc.NumRetriesBeforeForcingGC:10]]
[2023.05.01-01.46.16:909][  0]LogConfig: Setting CVar [[gc.AllowParallelGC:1]]
[2023.05.01-01.46.16:909][  0]LogConfig: Setting CVar [[gc.TimeBetweenPurgingPendingKillObjects:61.1]]
[2023.05.01-01.46.16:909][  0]LogConfig: Setting CVar [[gc.MaxObjectsInEditor:25165824]]
[2023.05.01-01.46.16:909][  0]LogConfig: Setting CVar [[gc.IncrementalBeginDestroyEnabled:1]]
[2023.05.01-01.46.16:909][  0]LogConfig: Setting CVar [[gc.CreateGCClusters:1]]
[2023.05.01-01.46.16:909][  0]LogConfig: Setting CVar [[gc.MinGCClusterSize:5]]
[2023.05.01-01.46.16:909][  0]LogConfig: Setting CVar [[gc.ActorClusteringEnabled:0]]
[2023.05.01-01.46.16:909][  0]LogConfig: Setting CVar [[gc.BlueprintClusteringEnabled:0]]
[2023.05.01-01.46.16:909][  0]LogConfig: Setting CVar [[gc.UseDisregardForGCOnDedicatedServers:0]]
[2023.05.01-01.46.16:909][  0]LogConfig: Setting CVar [[gc.MultithreadedDestructionEnabled:1]]
[2023.05.01-01.46.16:909][  0]LogConfig: Applying CVar settings from Section [/Script/Engine.NetworkSettings] File [F:/Git Proyects/Reel/Reel/Inspectables/Saved/Config/Windows/Engine.ini]
[2023.05.01-01.46.16:909][  0]LogConfig: Applying CVar settings from Section [/Script/UnrealEd.CookerSettings] File [F:/Git Proyects/Reel/Reel/Inspectables/Saved/Config/Windows/Engine.ini]
[2023.05.01-01.46.16:940][  0]LogConfig: Applying CVar settings from Section [ViewDistanceQuality@3] File [F:/Git Proyects/Reel/Reel/Inspectables/Saved/Config/Windows/Scalability.ini]
[2023.05.01-01.46.16:940][  0]LogConfig: Setting CVar [[r.SkeletalMeshLODBias:0]]
[2023.05.01-01.46.16:940][  0]LogConfig: Setting CVar [[r.ViewDistanceScale:1.0]]
[2023.05.01-01.46.16:940][  0]LogConfig: Applying CVar settings from Section [AntiAliasingQuality@3] File [F:/Git Proyects/Reel/Reel/Inspectables/Saved/Config/Windows/Scalability.ini]
[2023.05.01-01.46.16:940][  0]LogConfig: Setting CVar [[r.PostProcessAAQuality:4]]
[2023.05.01-01.46.16:940][  0]LogConfig: Applying CVar settings from Section [ShadowQuality@3] File [F:/Git Proyects/Reel/Reel/Inspectables/Saved/Config/Windows/Scalability.ini]
[2023.05.01-01.46.16:940][  0]LogConfig: Setting CVar [[r.LightFunctionQuality:1]]
[2023.05.01-01.46.16:940][  0]LogConfig: Setting CVar [[r.ShadowQuality:5]]
[2023.05.01-01.46.16:940][  0]LogConfig: Setting CVar [[r.Shadow.CSM.MaxCascades:10]]
[2023.05.01-01.46.16:940][  0]LogConfig: Setting CVar [[r.Shadow.MaxResolution:2048]]
[2023.05.01-01.46.16:940][  0]LogConfig: Setting CVar [[r.Shadow.MaxCSMResolution:2048]]
[2023.05.01-01.46.16:940][  0]LogConfig: Setting CVar [[r.Shadow.RadiusThreshold:0.01]]
[2023.05.01-01.46.16:940][  0]LogConfig: Setting CVar [[r.Shadow.DistanceScale:1.0]]
[2023.05.01-01.46.16:940][  0]LogConfig: Setting CVar [[r.Shadow.CSM.TransitionScale:1.0]]
[2023.05.01-01.46.16:940][  0]LogConfig: Setting CVar [[r.Shadow.PreShadowResolutionFactor:1.0]]
[2023.05.01-01.46.16:940][  0]LogConfig: Setting CVar [[r.DistanceFieldShadowing:1]]
[2023.05.01-01.46.16:940][  0]LogConfig: Setting CVar [[r.DistanceFieldAO:1]]
[2023.05.01-01.46.16:940][  0]LogConfig: Setting CVar [[r.AOQuality:2]]
[2023.05.01-01.46.16:940][  0]LogConfig: Setting CVar [[r.VolumetricFog:1]]
[2023.05.01-01.46.16:940][  0]LogConfig: Setting CVar [[r.VolumetricFog.GridPixelSize:8]]
[2023.05.01-01.46.16:940][  0]LogConfig: Setting CVar [[r.VolumetricFog.GridSizeZ:128]]
[2023.05.01-01.46.16:940][  0]LogConfig: Setting CVar [[r.VolumetricFog.HistoryMissSupersampleCount:4]]
[2023.05.01-01.46.16:940][  0]LogConfig: Setting CVar [[r.LightMaxDrawDistanceScale:1]]
[2023.05.01-01.46.16:940][  0]LogConfig: Setting CVar [[r.CapsuleShadows:1]]
[2023.05.01-01.46.16:940][  0]LogConfig: Applying CVar settings from Section [PostProcessQuality@3] File [F:/Git Proyects/Reel/Reel/Inspectables/Saved/Config/Windows/Scalability.ini]
[2023.05.01-01.46.16:940][  0]LogConfig: Setting CVar [[r.MotionBlurQuality:4]]
[2023.05.01-01.46.16:940][  0]LogConfig: Setting CVar [[r.AmbientOcclusionMipLevelFactor:0.4]]
[2023.05.01-01.46.16:940][  0]LogConfig: Setting CVar [[r.AmbientOcclusionMaxQuality:100]]
[2023.05.01-01.46.16:940][  0]LogConfig: Setting CVar [[r.AmbientOcclusionLevels:-1]]
[2023.05.01-01.46.16:940][  0]LogConfig: Setting CVar [[r.AmbientOcclusionRadiusScale:1.0]]
[2023.05.01-01.46.16:940][  0]LogConfig: Setting CVar [[r.DepthOfFieldQuality:2]]
[2023.05.01-01.46.16:940][  0]LogConfig: Setting CVar [[r.RenderTargetPoolMin:400]]
[2023.05.01-01.46.16:940][  0]LogConfig: Setting CVar [[r.LensFlareQuality:2]]
[2023.05.01-01.46.16:940][  0]LogConfig: Setting CVar [[r.SceneColorFringeQuality:1]]
[2023.05.01-01.46.16:940][  0]LogConfig: Setting CVar [[r.EyeAdaptationQuality:2]]
[2023.05.01-01.46.16:940][  0]LogConfig: Setting CVar [[r.BloomQuality:5]]
[2023.05.01-01.46.16:940][  0]LogConfig: Setting CVar [[r.FastBlurThreshold:100]]
[2023.05.01-01.46.16:940][  0]LogConfig: Setting CVar [[r.Upscale.Quality:3]]
[2023.05.01-01.46.16:940][  0]LogConfig: Setting CVar [[r.Tonemapper.GrainQuantization:1]]
[2023.05.01-01.46.16:940][  0]LogConfig: Setting CVar [[r.LightShaftQuality:1]]
[2023.05.01-01.46.16:940][  0]LogConfig: Setting CVar [[r.Filter.SizeScale:1]]
[2023.05.01-01.46.16:940][  0]LogConfig: Setting CVar [[r.Tonemapper.Quality:5]]
[2023.05.01-01.46.16:940][  0]LogConfig: Setting CVar [[r.DOF.Gather.AccumulatorQuality:1        ; higher gathering accumulator quality]]
[2023.05.01-01.46.16:940][  0]LogConfig: Setting CVar [[r.DOF.Gather.PostfilterMethod:1          ; Median3x3 postfilering method]]
[2023.05.01-01.46.16:940][  0]LogConfig: Setting CVar [[r.DOF.Gather.EnableBokehSettings:0       ; no bokeh simulation when gathering]]
[2023.05.01-01.46.16:940][  0]LogConfig: Setting CVar [[r.DOF.Gather.RingCount:4                 ; medium number of samples when gathering]]
[2023.05.01-01.46.16:940][  0]LogConfig: Setting CVar [[r.DOF.Scatter.ForegroundCompositing:1    ; additive foreground scattering]]
[2023.05.01-01.46.16:940][  0]LogConfig: Setting CVar [[r.DOF.Scatter.BackgroundCompositing:2    ; additive background scattering]]
[2023.05.01-01.46.16:940][  0]LogConfig: Setting CVar [[r.DOF.Scatter.EnableBokehSettings:1      ; bokeh simulation when scattering]]
[2023.05.01-01.46.16:940][  0]LogConfig: Setting CVar [[r.DOF.Scatter.MaxSpriteRatio:0.1         ; only a maximum of 10% of scattered bokeh]]
[2023.05.01-01.46.16:940][  0]LogConfig: Setting CVar [[r.DOF.Recombine.Quality:1                ; cheap slight out of focus]]
[2023.05.01-01.46.16:940][  0]LogConfig: Setting CVar [[r.DOF.Recombine.EnableBokehSettings:0    ; no bokeh simulation on slight out of focus]]
[2023.05.01-01.46.16:940][  0]LogConfig: Setting CVar [[r.DOF.TemporalAAQuality:1                ; more stable temporal accumulation]]
[2023.05.01-01.46.16:940][  0]LogConfig: Setting CVar [[r.DOF.Kernel.MaxForegroundRadius:0.025]]
[2023.05.01-01.46.16:940][  0]LogConfig: Setting CVar [[r.DOF.Kernel.MaxBackgroundRadius:0.025]]
[2023.05.01-01.46.16:940][  0]LogConfig: Applying CVar settings from Section [TextureQuality@3] File [F:/Git Proyects/Reel/Reel/Inspectables/Saved/Config/Windows/Scalability.ini]
[2023.05.01-01.46.16:940][  0]LogConfig: Setting CVar [[r.Streaming.MipBias:0]]
[2023.05.01-01.46.16:940][  0]LogConfig: Setting CVar [[r.Streaming.AmortizeCPUToGPUCopy:0]]
[2023.05.01-01.46.16:940][  0]LogConfig: Setting CVar [[r.Streaming.MaxNumTexturesToStreamPerFrame:0]]
[2023.05.01-01.46.16:940][  0]LogConfig: Setting CVar [[r.Streaming.Boost:1]]
[2023.05.01-01.46.16:940][  0]LogConfig: Setting CVar [[r.MaxAnisotropy:8]]
[2023.05.01-01.46.16:941][  0]LogConfig: Setting CVar [[r.VT.MaxAnisotropy:8]]
[2023.05.01-01.46.16:941][  0]LogConfig: Setting CVar [[r.Streaming.LimitPoolSizeToVRAM:0]]
[2023.05.01-01.46.16:941][  0]LogConfig: Setting CVar [[r.Streaming.PoolSize:1000]]
[2023.05.01-01.46.16:941][  0]LogConfig: Setting CVar [[r.Streaming.MaxEffectiveScreenSize:0]]
[2023.05.01-01.46.16:941][  0]LogConfig: Applying CVar settings from Section [EffectsQuality@3] File [F:/Git Proyects/Reel/Reel/Inspectables/Saved/Config/Windows/Scalability.ini]
[2023.05.01-01.46.16:941][  0]LogConfig: Setting CVar [[r.TranslucencyLightingVolumeDim:64]]
[2023.05.01-01.46.16:941][  0]LogConfig: Setting CVar [[r.RefractionQuality:2]]
[2023.05.01-01.46.16:941][  0]LogConfig: Setting CVar [[r.SSR.Quality:3]]
[2023.05.01-01.46.16:941][  0]LogConfig: Setting CVar [[r.SSR.HalfResSceneColor:0]]
[2023.05.01-01.46.16:941][  0]LogConfig: Setting CVar [[r.SceneColorFormat:4]]
[2023.05.01-01.46.16:941][  0]LogConfig: Setting CVar [[r.DetailMode:2]]
[2023.05.01-01.46.16:941][  0]LogConfig: Setting CVar [[r.TranslucencyVolumeBlur:1]]
[2023.05.01-01.46.16:941][  0]LogConfig: Setting CVar [[r.MaterialQualityLevel:1 ; High quality]]
[2023.05.01-01.46.16:941][  0]LogConfig: Setting CVar [[r.AnisotropicMaterials:1]]
[2023.05.01-01.46.16:941][  0]LogConfig: Setting CVar [[r.SSS.Scale:1]]
[2023.05.01-01.46.16:941][  0]LogConfig: Setting CVar [[r.SSS.SampleSet:2]]
[2023.05.01-01.46.16:941][  0]LogConfig: Setting CVar [[r.SSS.Quality:1]]
[2023.05.01-01.46.16:941][  0]LogConfig: Setting CVar [[r.SSS.HalfRes:0]]
[2023.05.01-01.46.16:941][  0]LogConfig: Setting CVar [[r.SSGI.Quality:3]]
[2023.05.01-01.46.16:941][  0]LogConfig: Setting CVar [[r.EmitterSpawnRateScale:1.0]]
[2023.05.01-01.46.16:941][  0]LogConfig: Setting CVar [[r.ParticleLightQuality:2]]
[2023.05.01-01.46.16:941][  0]LogConfig: Setting CVar [[r.SkyAtmosphere.AerialPerspectiveLUT.FastApplyOnOpaque:1 ; Always have FastSkyLUT 1 in this case to avoid wrong sky]]
[2023.05.01-01.46.16:941][  0]LogConfig: Setting CVar [[r.SkyAtmosphere.AerialPerspectiveLUT.SampleCountMaxPerSlice:4]]
[2023.05.01-01.46.16:941][  0]LogConfig: Setting CVar [[r.SkyAtmosphere.AerialPerspectiveLUT.DepthResolution:16.0]]
[2023.05.01-01.46.16:941][  0]LogConfig: Setting CVar [[r.SkyAtmosphere.FastSkyLUT:1]]
[2023.05.01-01.46.16:941][  0]LogConfig: Setting CVar [[r.SkyAtmosphere.FastSkyLUT.SampleCountMin:4.0]]
[2023.05.01-01.46.16:941][  0]LogConfig: Setting CVar [[r.SkyAtmosphere.FastSkyLUT.SampleCountMax:128.0]]
[2023.05.01-01.46.16:941][  0]LogConfig: Setting CVar [[r.SkyAtmosphere.SampleCountMin:4.0]]
[2023.05.01-01.46.16:941][  0]LogConfig: Setting CVar [[r.SkyAtmosphere.SampleCountMax:128.0]]
[2023.05.01-01.46.16:941][  0]LogConfig: Setting CVar [[r.SkyAtmosphere.TransmittanceLUT.UseSmallFormat:0]]
[2023.05.01-01.46.16:941][  0]LogConfig: Setting CVar [[r.SkyAtmosphere.TransmittanceLUT.SampleCount:10.0]]
[2023.05.01-01.46.16:941][  0]LogConfig: Setting CVar [[r.SkyAtmosphere.MultiScatteringLUT.SampleCount:15.0]]
[2023.05.01-01.46.16:941][  0]LogConfig: Setting CVar [[r.SkyLight.RealTimeReflectionCapture:1]]
[2023.05.01-01.46.16:941][  0]LogConfig: Applying CVar settings from Section [FoliageQuality@3] File [F:/Git Proyects/Reel/Reel/Inspectables/Saved/Config/Windows/Scalability.ini]
[2023.05.01-01.46.16:941][  0]LogConfig: Setting CVar [[foliage.DensityScale:1.0]]
[2023.05.01-01.46.16:941][  0]LogConfig: Setting CVar [[grass.DensityScale:1.0]]
[2023.05.01-01.46.16:941][  0]LogConfig: Applying CVar settings from Section [ShadingQuality@3] File [F:/Git Proyects/Reel/Reel/Inspectables/Saved/Config/Windows/Scalability.ini]
[2023.05.01-01.46.16:941][  0]LogConfig: Setting CVar [[r.HairStrands.SkyLighting.IntegrationType:2]]
[2023.05.01-01.46.16:941][  0]LogConfig: Setting CVar [[r.HairStrands.SkyAO.SampleCount:4]]
[2023.05.01-01.46.16:941][  0]LogConfig: Setting CVar [[r.HairStrands.Visibility.MSAA.SamplePerPixel:4]]
[2023.05.01-01.46.16:941][  0]LogInit: Selected Device Profile: [Windows]
[2023.05.01-01.46.16:941][  0]LogInit: Applying CVar settings loaded from the selected device profile: [Windows]
[2023.05.01-01.46.16:941][  0]LogHAL: Display: Platform has ~ 32 GB [34300694528 / 34359738368 / 32], which maps to Largest [LargestMinGB=32, LargerMinGB=12, DefaultMinGB=8, SmallerMinGB=6, SmallestMinGB=0)
[2023.05.01-01.46.16:941][  0]LogInit: Going up to parent DeviceProfile []
[2023.05.01-01.46.16:941][  0]LogConfig: Applying CVar settings from Section [ViewDistanceQuality@2] File [F:/Git Proyects/Reel/Reel/Inspectables/Saved/Config/Windows/Scalability.ini]
[2023.05.01-01.46.16:941][  0]LogConfig: Setting CVar [[r.SkeletalMeshLODBias:0]]
[2023.05.01-01.46.16:941][  0]LogConfig: Setting CVar [[r.ViewDistanceScale:0.8]]
[2023.05.01-01.46.16:941][  0]LogConfig: Applying CVar settings from Section [AntiAliasingQuality@2] File [F:/Git Proyects/Reel/Reel/Inspectables/Saved/Config/Windows/Scalability.ini]
[2023.05.01-01.46.16:941][  0]LogConfig: Setting CVar [[r.PostProcessAAQuality:3]]
[2023.05.01-01.46.16:941][  0]LogConfig: Applying CVar settings from Section [ShadowQuality@2] File [F:/Git Proyects/Reel/Reel/Inspectables/Saved/Config/Windows/Scalability.ini]
[2023.05.01-01.46.16:941][  0]LogConfig: Setting CVar [[r.LightFunctionQuality:1]]
[2023.05.01-01.46.16:941][  0]LogConfig: Setting CVar [[r.ShadowQuality:5]]
[2023.05.01-01.46.16:941][  0]LogConfig: Setting CVar [[r.Shadow.CSM.MaxCascades:4]]
[2023.05.01-01.46.16:941][  0]LogConfig: Setting CVar [[r.Shadow.MaxResolution:1024]]
[2023.05.01-01.46.16:941][  0]LogConfig: Setting CVar [[r.Shadow.MaxCSMResolution:2048]]
[2023.05.01-01.46.16:941][  0]LogConfig: Setting CVar [[r.Shadow.RadiusThreshold:0.04]]
[2023.05.01-01.46.16:941][  0]LogConfig: Setting CVar [[r.Shadow.DistanceScale:0.85]]
[2023.05.01-01.46.16:941][  0]LogConfig: Setting CVar [[r.Shadow.CSM.TransitionScale:0.8]]
[2023.05.01-01.46.16:941][  0]LogConfig: Setting CVar [[r.Shadow.PreShadowResolutionFactor:0.5]]
[2023.05.01-01.46.16:941][  0]LogConfig: Setting CVar [[r.DistanceFieldShadowing:1]]
[2023.05.01-01.46.16:941][  0]LogConfig: Setting CVar [[r.DistanceFieldAO:1]]
[2023.05.01-01.46.16:941][  0]LogConfig: Setting CVar [[r.AOQuality:1]]
[2023.05.01-01.46.16:941][  0]LogConfig: Setting CVar [[r.VolumetricFog:1]]
[2023.05.01-01.46.16:941][  0]LogConfig: Setting CVar [[r.VolumetricFog.GridPixelSize:16]]
[2023.05.01-01.46.16:941][  0]LogConfig: Setting CVar [[r.VolumetricFog.GridSizeZ:64]]
[2023.05.01-01.46.16:941][  0]LogConfig: Setting CVar [[r.VolumetricFog.HistoryMissSupersampleCount:4]]
[2023.05.01-01.46.16:941][  0]LogConfig: Setting CVar [[r.LightMaxDrawDistanceScale:1]]
[2023.05.01-01.46.16:941][  0]LogConfig: Setting CVar [[r.CapsuleShadows:1]]
[2023.05.01-01.46.16:941][  0]LogConfig: Applying CVar settings from Section [PostProcessQuality@2] File [F:/Git Proyects/Reel/Reel/Inspectables/Saved/Config/Windows/Scalability.ini]
[2023.05.01-01.46.16:941][  0]LogConfig: Setting CVar [[r.MotionBlurQuality:3]]
[2023.05.01-01.46.16:941][  0]LogConfig: Setting CVar [[r.AmbientOcclusionMipLevelFactor:0.6]]
[2023.05.01-01.46.16:941][  0]LogConfig: Setting CVar [[r.AmbientOcclusionMaxQuality:100]]
[2023.05.01-01.46.16:941][  0]LogConfig: Setting CVar [[r.AmbientOcclusionLevels:-1]]
[2023.05.01-01.46.16:941][  0]LogConfig: Setting CVar [[r.AmbientOcclusionRadiusScale:1.5]]
[2023.05.01-01.46.16:941][  0]LogConfig: Setting CVar [[r.DepthOfFieldQuality:2]]
[2023.05.01-01.46.16:941][  0]LogConfig: Setting CVar [[r.RenderTargetPoolMin:400]]
[2023.05.01-01.46.16:941][  0]LogConfig: Setting CVar [[r.LensFlareQuality:2]]
[2023.05.01-01.46.16:941][  0]LogConfig: Setting CVar [[r.SceneColorFringeQuality:1]]
[2023.05.01-01.46.16:941][  0]LogConfig: Setting CVar [[r.EyeAdaptationQuality:2]]
[2023.05.01-01.46.16:941][  0]LogConfig: Setting CVar [[r.BloomQuality:5]]
[2023.05.01-01.46.16:941][  0]LogConfig: Setting CVar [[r.FastBlurThreshold:3]]
[2023.05.01-01.46.16:941][  0]LogConfig: Setting CVar [[r.Upscale.Quality:2]]
[2023.05.01-01.46.16:941][  0]LogConfig: Setting CVar [[r.Tonemapper.GrainQuantization:1]]
[2023.05.01-01.46.16:941][  0]LogConfig: Setting CVar [[r.LightShaftQuality:1]]
[2023.05.01-01.46.16:941][  0]LogConfig: Setting CVar [[r.Filter.SizeScale:0.8]]
[2023.05.01-01.46.16:941][  0]LogConfig: Setting CVar [[r.Tonemapper.Quality:5]]
[2023.05.01-01.46.16:941][  0]LogConfig: Setting CVar [[r.DOF.Gather.AccumulatorQuality:0        ; lower gathering accumulator quality]]
[2023.05.01-01.46.16:941][  0]LogConfig: Setting CVar [[r.DOF.Gather.PostfilterMethod:2          ; Max3x3 postfilering method]]
[2023.05.01-01.46.16:941][  0]LogConfig: Setting CVar [[r.DOF.Gather.EnableBokehSettings:0       ; no bokeh simulation when gathering]]
[2023.05.01-01.46.16:941][  0]LogConfig: Setting CVar [[r.DOF.Gather.RingCount:4                 ; medium number of samples when gathering]]
[2023.05.01-01.46.16:941][  0]LogConfig: Setting CVar [[r.DOF.Scatter.ForegroundCompositing:1    ; additive foreground scattering]]
[2023.05.01-01.46.16:941][  0]LogConfig: Setting CVar [[r.DOF.Scatter.BackgroundCompositing:1    ; no background occlusion]]
[2023.05.01-01.46.16:941][  0]LogConfig: Setting CVar [[r.DOF.Scatter.EnableBokehSettings:0      ; no bokeh simulation when scattering]]
[2023.05.01-01.46.16:941][  0]LogConfig: Setting CVar [[r.DOF.Scatter.MaxSpriteRatio:0.04        ; only a maximum of 4% of scattered bokeh]]
[2023.05.01-01.46.16:941][  0]LogConfig: Setting CVar [[r.DOF.Recombine.Quality:0                ; no slight out of focus]]
[2023.05.01-01.46.16:941][  0]LogConfig: Setting CVar [[r.DOF.TemporalAAQuality:0                ; faster temporal accumulation]]
[2023.05.01-01.46.16:941][  0]LogConfig: Setting CVar [[r.DOF.Kernel.MaxForegroundRadius:0.012   ; required because of AccumulatorQuality=0]]
[2023.05.01-01.46.16:941][  0]LogConfig: Setting CVar [[r.DOF.Kernel.MaxBackgroundRadius:0.012   ; required because of AccumulatorQuality=0]]
[2023.05.01-01.46.16:941][  0]LogConfig: Applying CVar settings from Section [TextureQuality@2] File [F:/Git Proyects/Reel/Reel/Inspectables/Saved/Config/Windows/Scalability.ini]
[2023.05.01-01.46.16:941][  0]LogConfig: Setting CVar [[r.Streaming.MipBias:0]]
[2023.05.01-01.46.16:942][  0]LogConfig: Setting CVar [[r.Streaming.AmortizeCPUToGPUCopy:0]]
[2023.05.01-01.46.16:942][  0]LogConfig: Setting CVar [[r.Streaming.MaxNumTexturesToStreamPerFrame:0]]
[2023.05.01-01.46.16:942][  0]LogConfig: Setting CVar [[r.Streaming.Boost:1]]
[2023.05.01-01.46.16:942][  0]LogConfig: Setting CVar [[r.MaxAnisotropy:4]]
[2023.05.01-01.46.16:942][  0]LogConfig: Setting CVar [[r.VT.MaxAnisotropy:8]]
[2023.05.01-01.46.16:942][  0]LogConfig: Setting CVar [[r.Streaming.LimitPoolSizeToVRAM:1]]
[2023.05.01-01.46.16:942][  0]LogConfig: Setting CVar [[r.Streaming.PoolSize:800]]
[2023.05.01-01.46.16:942][  0]LogConfig: Setting CVar [[r.Streaming.MaxEffectiveScreenSize:0]]
[2023.05.01-01.46.16:942][  0]LogConfig: Applying CVar settings from Section [EffectsQuality@3] File [F:/Git Proyects/Reel/Reel/Inspectables/Saved/Config/Windows/Scalability.ini]
[2023.05.01-01.46.16:942][  0]LogConfig: Setting CVar [[r.TranslucencyLightingVolumeDim:64]]
[2023.05.01-01.46.16:942][  0]LogConfig: Setting CVar [[r.RefractionQuality:2]]
[2023.05.01-01.46.16:942][  0]LogConfig: Setting CVar [[r.SSR.Quality:3]]
[2023.05.01-01.46.16:942][  0]LogConfig: Setting CVar [[r.SSR.HalfResSceneColor:0]]
[2023.05.01-01.46.16:942][  0]LogConfig: Setting CVar [[r.SceneColorFormat:4]]
[2023.05.01-01.46.16:942][  0]LogConfig: Setting CVar [[r.DetailMode:2]]
[2023.05.01-01.46.16:942][  0]LogConfig: Setting CVar [[r.TranslucencyVolumeBlur:1]]
[2023.05.01-01.46.16:942][  0]LogConfig: Setting CVar [[r.MaterialQualityLevel:1 ; High quality]]
[2023.05.01-01.46.16:942][  0]LogConfig: Setting CVar [[r.AnisotropicMaterials:1]]
[2023.05.01-01.46.16:942][  0]LogConfig: Setting CVar [[r.SSS.Scale:1]]
[2023.05.01-01.46.16:942][  0]LogConfig: Setting CVar [[r.SSS.SampleSet:2]]
[2023.05.01-01.46.16:942][  0]LogConfig: Setting CVar [[r.SSS.Quality:1]]
[2023.05.01-01.46.16:942][  0]LogConfig: Setting CVar [[r.SSS.HalfRes:0]]
[2023.05.01-01.46.16:942][  0]LogConfig: Setting CVar [[r.SSGI.Quality:3]]
[2023.05.01-01.46.16:942][  0]LogConfig: Setting CVar [[r.EmitterSpawnRateScale:1.0]]
[2023.05.01-01.46.16:942][  0]LogConfig: Setting CVar [[r.ParticleLightQuality:2]]
[2023.05.01-01.46.16:942][  0]LogConfig: Setting CVar [[r.SkyAtmosphere.AerialPerspectiveLUT.FastApplyOnOpaque:1 ; Always have FastSkyLUT 1 in this case to avoid wrong sky]]
[2023.05.01-01.46.16:942][  0]LogConfig: Setting CVar [[r.SkyAtmosphere.AerialPerspectiveLUT.SampleCountMaxPerSlice:4]]
[2023.05.01-01.46.16:942][  0]LogConfig: Setting CVar [[r.SkyAtmosphere.AerialPerspectiveLUT.DepthResolution:16.0]]
[2023.05.01-01.46.16:942][  0]LogConfig: Setting CVar [[r.SkyAtmosphere.FastSkyLUT:1]]
[2023.05.01-01.46.16:942][  0]LogConfig: Setting CVar [[r.SkyAtmosphere.FastSkyLUT.SampleCountMin:4.0]]
[2023.05.01-01.46.16:942][  0]LogConfig: Setting CVar [[r.SkyAtmosphere.FastSkyLUT.SampleCountMax:128.0]]
[2023.05.01-01.46.16:942][  0]LogConfig: Setting CVar [[r.SkyAtmosphere.SampleCountMin:4.0]]
[2023.05.01-01.46.16:942][  0]LogConfig: Setting CVar [[r.SkyAtmosphere.SampleCountMax:128.0]]
[2023.05.01-01.46.16:942][  0]LogConfig: Setting CVar [[r.SkyAtmosphere.TransmittanceLUT.UseSmallFormat:0]]
[2023.05.01-01.46.16:942][  0]LogConfig: Setting CVar [[r.SkyAtmosphere.TransmittanceLUT.SampleCount:10.0]]
[2023.05.01-01.46.16:942][  0]LogConfig: Setting CVar [[r.SkyAtmosphere.MultiScatteringLUT.SampleCount:15.0]]
[2023.05.01-01.46.16:942][  0]LogConfig: Setting CVar [[r.SkyLight.RealTimeReflectionCapture:1]]
[2023.05.01-01.46.16:942][  0]LogConfig: Applying CVar settings from Section [FoliageQuality@3] File [F:/Git Proyects/Reel/Reel/Inspectables/Saved/Config/Windows/Scalability.ini]
[2023.05.01-01.46.16:942][  0]LogConfig: Setting CVar [[foliage.DensityScale:1.0]]
[2023.05.01-01.46.16:942][  0]LogConfig: Setting CVar [[grass.DensityScale:1.0]]
[2023.05.01-01.46.16:942][  0]LogConfig: Applying CVar settings from Section [ShadingQuality@3] File [F:/Git Proyects/Reel/Reel/Inspectables/Saved/Config/Windows/Scalability.ini]
[2023.05.01-01.46.16:942][  0]LogConfig: Setting CVar [[r.HairStrands.SkyLighting.IntegrationType:2]]
[2023.05.01-01.46.16:942][  0]LogConfig: Setting CVar [[r.HairStrands.SkyAO.SampleCount:4]]
[2023.05.01-01.46.16:942][  0]LogConfig: Setting CVar [[r.HairStrands.Visibility.MSAA.SamplePerPixel:4]]
[2023.05.01-01.46.16:942][  0]LogConfig: Applying CVar settings from Section [Startup] File [../../../Engine/Config/ConsoleVariables.ini]
[2023.05.01-01.46.16:942][  0]LogConfig: Setting CVar [[net.UseAdaptiveNetUpdateFrequency:0]]
[2023.05.01-01.46.16:942][  0]LogConfig: Setting CVar [[p.chaos.AllowCreatePhysxBodies:1]]
[2023.05.01-01.46.16:942][  0]LogConfig: Setting CVar [[fx.SkipVectorVMBackendOptimizations:1]]
[2023.05.01-01.46.16:942][  0]LogConfig: Applying CVar settings from Section [ConsoleVariables] File [F:/Git Proyects/Reel/Reel/Inspectables/Saved/Config/Windows/Engine.ini]
[2023.05.01-01.46.16:942][  0]LogConfig: Applying CVar settings from Section [ConsoleVariables] File [F:/Git Proyects/Reel/Reel/Inspectables/Saved/Config/Windows/Editor.ini]
[2023.05.01-01.46.16:942][  0]LogInit: Computer: DHARPA-PC
[2023.05.01-01.46.16:942][  0]LogInit: User: Dharpa
[2023.05.01-01.46.16:942][  0]LogInit: CPU Page size=4096, Cores=8
[2023.05.01-01.46.16:942][  0]LogInit: High frequency timer resolution =10.000000 MHz
[2023.05.01-01.46.16:942][  0]LogMemory: Memory total: Physical=31.9GB (32GB approx)
[2023.05.01-01.46.16:942][  0]LogMemory: Platform Memory Stats for Windows
[2023.05.01-01.46.16:942][  0]LogMemory: Process Physical Memory: 146.95 MB used, 146.95 MB peak
[2023.05.01-01.46.16:942][  0]LogMemory: Process Virtual Memory: 129.07 MB used, 129.07 MB peak
[2023.05.01-01.46.16:942][  0]LogMemory: Physical Memory: 15588.46 MB used,  17123.23 MB free, 32711.69 MB total
[2023.05.01-01.46.16:942][  0]LogMemory: Virtual Memory: 134200736.00 MB used,  16992.84 MB free, 134217728.00 MB total
[2023.05.01-01.46.16:948][  0]LogWindows: WindowsPlatformFeatures enabled
[2023.05.01-01.46.16:987][  0]LogInit: Physics initialised using underlying interface: PhysX
[2023.05.01-01.46.16:987][  0]LogInit: Overriding language with editor language configuration option (en).
[2023.05.01-01.46.16:987][  0]LogInit: Overriding language with editor locale configuration option (en).
[2023.05.01-01.46.17:163][  0]LogInit: Setting process to per monitor DPI aware
[2023.05.01-01.46.17:175][  0]LogWindowsTextInputMethodSystem: Display: IME system deactivated.
[2023.05.01-01.46.17:186][  0]LogSlate: New Slate User Created.  User Index 0, Is Virtual User: 0
[2023.05.01-01.46.17:186][  0]LogSlate: Slate User Registered.  User Index 0, Is Virtual User: 0
[2023.05.01-01.46.17:363][  0]LogD3D11RHI: Loaded GFSDK_Aftermath_Lib.x64.dll
[2023.05.01-01.46.17:380][  0]LogHMD: Optional extension XR_VARJO_quad_views is not available
[2023.05.01-01.46.17:380][  0]LogHMD: Warning: Required extension XR_EXT_eye_gaze_interaction is not available
[2023.05.01-01.46.17:380][  0]LogHMD: Could not enable all required OpenXR extensions for OpenXREyeTracker on current system. This plugin will be loaded but ignored, but will be enabled on a target platform that supports the required extension.
[2023.05.01-01.46.17:398][  0]LogHMD: Failed to create an OpenXR instance, result is XR_ERROR_RUNTIME_FAILURE. Please check if you have an OpenXR runtime installed. The following extensions were enabled:
[2023.05.01-01.46.17:398][  0]LogHMD: - XR_KHR_D3D11_enable
[2023.05.01-01.46.17:398][  0]LogHMD: - XR_KHR_D3D12_enable
[2023.05.01-01.46.17:398][  0]LogHMD: - XR_KHR_opengl_enable
[2023.05.01-01.46.17:398][  0]LogHMD: - XR_KHR_vulkan_enable
[2023.05.01-01.46.17:398][  0]LogHMD: - XR_KHR_composition_layer_depth
[2023.05.01-01.46.17:398][  0]LogHMD: - XR_KHR_visibility_mask
[2023.05.01-01.46.17:398][  0]LogHMD: - XR_EXT_hand_tracking
[2023.05.01-01.46.17:398][  0]LogD3D11RHI: D3D11 min allowed feature level: 11_0
[2023.05.01-01.46.17:398][  0]LogD3D11RHI: D3D11 max allowed feature level: 11_0
[2023.05.01-01.46.17:398][  0]LogD3D11RHI: D3D11 adapters:
[2023.05.01-01.46.17:506][  0]LogD3D11RHI:    0. 'NVIDIA GeForce RTX 3070' (Feature Level 11_0)
[2023.05.01-01.46.17:506][  0]LogD3D11RHI:       8031/0/16355 MB DedicatedVideo/DedicatedSystem/SharedSystem, Outputs:2, VendorId:0x10de
[2023.05.01-01.46.17:508][  0]LogD3D11RHI:    1. 'Microsoft Basic Render Driver' (Feature Level 11_0)
[2023.05.01-01.46.17:508][  0]LogD3D11RHI:       0/0/16355 MB DedicatedVideo/DedicatedSystem/SharedSystem, Outputs:0, VendorId:0x1414
[2023.05.01-01.46.17:508][  0]LogD3D11RHI: Chosen D3D11 Adapter:
[2023.05.01-01.46.17:508][  0]LogD3D11RHI:     Description : NVIDIA GeForce RTX 3070
[2023.05.01-01.46.17:508][  0]LogD3D11RHI:     VendorId    : 10de
[2023.05.01-01.46.17:508][  0]LogD3D11RHI:     DeviceId    : 2488
[2023.05.01-01.46.17:508][  0]LogD3D11RHI:     SubSysId    : 404c1458
[2023.05.01-01.46.17:508][  0]LogD3D11RHI:     Revision    : 00a1
[2023.05.01-01.46.17:508][  0]LogD3D11RHI:     DedicatedVideoMemory : 8421113856 bytes
[2023.05.01-01.46.17:508][  0]LogD3D11RHI:     DedicatedSystemMemory : 0 bytes
[2023.05.01-01.46.17:508][  0]LogD3D11RHI:     SharedSystemMemory : 17150347264 bytes
[2023.05.01-01.46.17:508][  0]LogD3D11RHI:     AdapterLuid : 0 73499
[2023.05.01-01.46.17:521][  0]LogD3D11RHI: Creating new Direct3DDevice
[2023.05.01-01.46.17:521][  0]LogD3D11RHI:     GPU DeviceId: 0x2488 (for the marketing name, search the web for "GPU Device Id")
[2023.05.01-01.46.17:521][  0]LogWindows: EnumDisplayDevices:
[2023.05.01-01.46.17:521][  0]LogWindows:    0. 'NVIDIA GeForce RTX 3070' (P:1 D:1)
[2023.05.01-01.46.17:521][  0]LogWindows:    1. 'NVIDIA GeForce RTX 3070' (P:0 D:1)
[2023.05.01-01.46.17:521][  0]LogWindows:    2. 'NVIDIA GeForce RTX 3070' (P:0 D:0)
[2023.05.01-01.46.17:521][  0]LogWindows:    3. 'NVIDIA GeForce RTX 3070' (P:0 D:0)
[2023.05.01-01.46.17:521][  0]LogWindows: DebugString: FoundDriverCount:4 
[2023.05.01-01.46.17:521][  0]LogD3D11RHI:     Adapter Name: NVIDIA GeForce RTX 3070
[2023.05.01-01.46.17:521][  0]LogD3D11RHI:   Driver Version: 531.18 (internal:31.0.15.3118, unified:531.18)
[2023.05.01-01.46.17:521][  0]LogD3D11RHI:      Driver Date: 2-24-2023
[2023.05.01-01.46.17:521][  0]LogRHI: Texture pool is 5621 MB (70% of 8031 MB)
[2023.05.01-01.46.17:521][  0]LogD3D11RHI: Creating D3DDevice using adapter:
[2023.05.01-01.46.17:521][  0]LogD3D11RHI:     Description : NVIDIA GeForce RTX 3070
[2023.05.01-01.46.17:521][  0]LogD3D11RHI:     VendorId    : 10de
[2023.05.01-01.46.17:521][  0]LogD3D11RHI:     DeviceId    : 2488
[2023.05.01-01.46.17:521][  0]LogD3D11RHI:     SubSysId    : 404c1458
[2023.05.01-01.46.17:521][  0]LogD3D11RHI:     Revision    : 00a1
[2023.05.01-01.46.17:521][  0]LogD3D11RHI:     DedicatedVideoMemory : 8421113856 bytes
[2023.05.01-01.46.17:521][  0]LogD3D11RHI:     DedicatedSystemMemory : 0 bytes
[2023.05.01-01.46.17:521][  0]LogD3D11RHI:     SharedSystemMemory : 17150347264 bytes
[2023.05.01-01.46.17:521][  0]LogD3D11RHI:     AdapterLuid : 0 73499
[2023.05.01-01.46.17:595][  0]LogD3D11RHI: RHI has support for 64 bit atomics
[2023.05.01-01.46.17:595][  0]LogD3D11RHI: Async texture creation enabled
[2023.05.01-01.46.17:595][  0]LogD3D11RHI: Array index from any shader is supported
[2023.05.01-01.46.17:624][  0]LogD3D11RHI: GPU Timing Frequency: 1000.000000 (Debug: 2 1)
[2023.05.01-01.46.17:646][  0]LogRHI: GeForceNow SDK initialized: 1
[2023.05.01-01.46.17:880][  0]LogTargetPlatformManager: Display: Loaded TargetPlatform 'AllDesktop'
[2023.05.01-01.46.17:901][  0]LogTargetPlatformManager: Display: Loaded TargetPlatform 'Android'
[2023.05.01-01.46.17:901][  0]LogTargetPlatformManager: Display: Loaded TargetPlatform 'Android_ASTC'
[2023.05.01-01.46.17:901][  0]LogTargetPlatformManager: Display: Loaded TargetPlatform 'Android_DXT'
[2023.05.01-01.46.17:901][  0]LogTargetPlatformManager: Display: Loaded TargetPlatform 'Android_ETC2'
[2023.05.01-01.46.17:901][  0]LogTargetPlatformManager: Display: Loaded TargetPlatform 'AndroidClient'
[2023.05.01-01.46.17:901][  0]LogTargetPlatformManager: Display: Loaded TargetPlatform 'Android_ASTCClient'
[2023.05.01-01.46.17:901][  0]LogTargetPlatformManager: Display: Loaded TargetPlatform 'Android_DXTClient'
[2023.05.01-01.46.17:901][  0]LogTargetPlatformManager: Display: Loaded TargetPlatform 'Android_ETC2Client'
[2023.05.01-01.46.17:901][  0]LogTargetPlatformManager: Display: Loaded TargetPlatform 'Android_Multi'
[2023.05.01-01.46.17:901][  0]LogTargetPlatformManager: Display: Loaded TargetPlatform 'Android_MultiClient'
[2023.05.01-01.46.17:921][  0]LogTargetPlatformManager: Display: Loaded TargetPlatform 'IOSClient'
[2023.05.01-01.46.17:921][  0]LogTargetPlatformManager: Display: Loaded TargetPlatform 'IOS'
[2023.05.01-01.46.17:930][  0]LogTargetPlatformManager: Display: Loaded TargetPlatform 'Linux'
[2023.05.01-01.46.17:936][  0]LogTargetPlatformManager: Display: Loaded TargetPlatform 'LinuxNoEditor'
[2023.05.01-01.46.17:940][  0]LogTargetPlatformManager: Display: Loaded TargetPlatform 'LinuxClient'
[2023.05.01-01.46.17:945][  0]LogTargetPlatformManager: Display: Loaded TargetPlatform 'LinuxServer'
[2023.05.01-01.46.17:955][  0]LogTargetPlatformManager: Display: Loaded TargetPlatform 'LinuxAArch64NoEditor'
[2023.05.01-01.46.17:962][  0]LogTargetPlatformManager: Display: Loaded TargetPlatform 'LinuxAArch64Client'
[2023.05.01-01.46.17:968][  0]LogTargetPlatformManager: Display: Loaded TargetPlatform 'LinuxAArch64Server'
[2023.05.01-01.46.17:994][  0]LogTargetPlatformManager: Display: Loaded TargetPlatform 'Lumin'
[2023.05.01-01.46.17:994][  0]LogTargetPlatformManager: Display: Loaded TargetPlatform 'LuminClient'
[2023.05.01-01.46.18:003][  0]LogTargetPlatformManager: Display: Loaded TargetPlatform 'MacNoEditor'
[2023.05.01-01.46.18:009][  0]LogTargetPlatformManager: Display: Loaded TargetPlatform 'Mac'
[2023.05.01-01.46.18:014][  0]LogTargetPlatformManager: Display: Loaded TargetPlatform 'MacClient'
[2023.05.01-01.46.18:020][  0]LogTargetPlatformManager: Display: Loaded TargetPlatform 'MacServer'
[2023.05.01-01.46.18:031][  0]LogTargetPlatformManager: Display: Loaded TargetPlatform 'TVOSClient'
[2023.05.01-01.46.18:031][  0]LogTargetPlatformManager: Display: Loaded TargetPlatform 'TVOS'
[2023.05.01-01.46.18:041][  0]LogTargetPlatformManager: Display: Loaded TargetPlatform 'WindowsNoEditor'
[2023.05.01-01.46.18:047][  0]LogTargetPlatformManager: Display: Loaded TargetPlatform 'Windows'
[2023.05.01-01.46.18:052][  0]LogTargetPlatformManager: Display: Loaded TargetPlatform 'WindowsClient'
[2023.05.01-01.46.18:058][  0]LogTargetPlatformManager: Display: Loaded TargetPlatform 'WindowsServer'
[2023.05.01-01.46.18:058][  0]LogTargetPlatformManager: Display: Building Assets For Windows
[2023.05.01-01.46.18:067][  0]LogAudioDebug: Display: Lib vorbis DLL was dynamically loaded.
[2023.05.01-01.46.18:111][  0]LogTextureFormatOodle: Display: Oodle Texture 2.9.0 init RDO Off
[2023.05.01-01.46.18:150][  0]LogRendererCore: Ray tracing is disabled. Reason: r.RayTracing=0.
[2023.05.01-01.46.18:150][  0]LogShaderCompilers: Guid format shader working directory is -4 characters bigger than the processId version (../../../../../Git Proyects/Reel/Reel/Inspectables/Intermediate/Shaders/WorkingDirectory/54084/).
[2023.05.01-01.46.18:150][  0]LogShaderCompilers: Cleaned the shader compiler working directory 'C:/Users/Dharpa/AppData/Local/Temp/UnrealShaderWorkingDir/B6F9008540957E2764F924B69D088C13/'.
[2023.05.01-01.46.18:150][  0]LogXGEController: Cannot use XGE Controller as Incredibuild is not installed on this machine.
[2023.05.01-01.46.18:150][  0]LogShaderCompilers: Cannot use XGE Shader Compiler as Incredibuild is not installed on this machine.
[2023.05.01-01.46.18:150][  0]LogShaderCompilers: Display: Using Local Shader Compiler.
[2023.05.01-01.46.18:740][  0]LogDerivedDataCache: Display: Max Cache Size: 512 MB
[2023.05.01-01.46.18:788][  0]LogDerivedDataCache: Loaded boot cache 0.05s 94MB C:/Users/Dharpa/AppData/Local/UnrealEngine/4.27/DerivedDataCache/Boot.ddc.
[2023.05.01-01.46.18:788][  0]LogDerivedDataCache: Display: Loaded Boot cache: C:/Users/Dharpa/AppData/Local/UnrealEngine/4.27/DerivedDataCache/Boot.ddc
[2023.05.01-01.46.18:788][  0]LogDerivedDataCache: FDerivedDataBackendGraph:  Pak pak cache file ../../../../../Git Proyects/Reel/Reel/Inspectables/DerivedDataCache/DDC.ddp not found, will not use a pak cache.
[2023.05.01-01.46.18:788][  0]LogDerivedDataCache: Unable to find inner node Pak for hierarchical cache Hierarchy.
[2023.05.01-01.46.18:788][  0]LogDerivedDataCache: FDerivedDataBackendGraph:  CompressedPak pak cache file ../../../../../Git Proyects/Reel/Reel/Inspectables/DerivedDataCache/Compressed.ddp not found, will not use a pak cache.
[2023.05.01-01.46.18:788][  0]LogDerivedDataCache: Unable to find inner node CompressedPak for hierarchical cache Hierarchy.
[2023.05.01-01.46.18:803][  0]LogDerivedDataCache: Display: Pak cache opened for reading ../../../Engine/DerivedDataCache/Compressed.ddp.
[2023.05.01-01.46.18:803][  0]LogDerivedDataCache: FDerivedDataBackendGraph:  EnterprisePak pak cache file ../../../Enterprise/DerivedDataCache/Compressed.ddp not found, will not use a pak cache.
[2023.05.01-01.46.18:803][  0]LogDerivedDataCache: Unable to find inner node EnterprisePak for hierarchical cache Hierarchy.
[2023.05.01-01.46.18:810][  0]LogDerivedDataCache: Speed tests for C:/Users/Dharpa/AppData/Local/UnrealEngine/Common/DerivedDataCache took 0.01 seconds
[2023.05.01-01.46.18:810][  0]LogDerivedDataCache: Display: Performance to C:/Users/Dharpa/AppData/Local/UnrealEngine/Common/DerivedDataCache: Latency=0.03ms. RandomReadSpeed=1211.79MBs, RandomWriteSpeed=176.47MBs. Assigned SpeedClass 'Local'
[2023.05.01-01.46.18:810][  0]LogDerivedDataCache: Using Local data cache path C:/Users/Dharpa/AppData/Local/UnrealEngine/Common/DerivedDataCache: Writable
[2023.05.01-01.46.18:810][  0]LogDerivedDataCache: Shared data cache path not found in *engine.ini, will not use an Shared cache.
[2023.05.01-01.46.18:810][  0]LogDerivedDataCache: Unable to find inner node Shared for hierarchical cache Hierarchy.
[2023.05.01-01.46.18:848][  0]LogSlate: Using FreeType 2.10.0
[2023.05.01-01.46.18:848][  0]LogSlate: SlateFontServices - WITH_FREETYPE: 1, WITH_HARFBUZZ: 1
[2023.05.01-01.46.18:861][  0]LogHMD: Optional extension XR_VARJO_quad_views is not available
[2023.05.01-01.46.18:861][  0]LogHMD: Warning: Required extension XR_EXT_eye_gaze_interaction is not available
[2023.05.01-01.46.18:861][  0]LogHMD: Could not enable all required OpenXR extensions for OpenXREyeTracker on current system. This plugin will be loaded but ignored, but will be enabled on a target platform that supports the required extension.
[2023.05.01-01.46.18:877][  0]LogHMD: Failed to create an OpenXR instance, result is XR_ERROR_RUNTIME_FAILURE. Please check if you have an OpenXR runtime installed. The following extensions were enabled:
[2023.05.01-01.46.18:877][  0]LogHMD: - XR_KHR_D3D11_enable
[2023.05.01-01.46.18:877][  0]LogHMD: - XR_KHR_D3D12_enable
[2023.05.01-01.46.18:877][  0]LogHMD: - XR_KHR_opengl_enable
[2023.05.01-01.46.18:877][  0]LogHMD: - XR_KHR_vulkan_enable
[2023.05.01-01.46.18:877][  0]LogHMD: - XR_KHR_composition_layer_depth
[2023.05.01-01.46.18:877][  0]LogHMD: - XR_KHR_visibility_mask
[2023.05.01-01.46.18:877][  0]LogHMD: - XR_EXT_hand_tracking
[2023.05.01-01.46.18:899][  0]LogAssetRegistry: FAssetRegistry took 0.0025 seconds to start up
[2023.05.01-01.46.19:158][  0]LogInit: Selected Device Profile: [Windows]
[2023.05.01-01.46.19:158][  0]LogInit: Active device profile: [0000021CD3984D00][0000021CD309B7C0 49] Windows
[2023.05.01-01.46.19:158][  0]LogInit: Profiles: [0000021CD3984D00][0000021CD309B7C0 49] Windows, [0000021CD394A400][0000021CCC597940 49] WindowsNoEditor, [0000021CD3985C00][0000021CCC59BAC0 49] WindowsServer, [0000021CD394B200][0000021CCC59E0C0 49] WindowsClient, [0000021CD3986900][0000021CC96F0240 49] IOS, [0000021CD3949B00][0000021CC97063C0 49] iPadAir, [0000021CD3987E00][0000021CD1890540 49] iPadAir2, [0000021CD3861100][0000021CD1894780 49] IPadPro, [0000021CD3861200][0000021CCC5927C0 49] iPadAir3, [0000021CD3948C00][0000021CD1898900 49] iPadAir4, [0000021CD3861E00][0000021CD18A0A80 49] iPadMini2, [0000021CD394B400][0000021CD18A4C00 49] iPadMini3, [0000021CD3863900][0000021CD18A8D80 49] iPadMini4, [0000021CD3949000][0000021CD18ACF00 49] iPadMini5, [0000021CD3898900][0000021CD18B51C0 49] iPhone6, [0000021CD3898A00][0000021CD18B1200 49] iPodTouch6, [0000021CD3986E00][0000021CD18BD4C0 49] iPhone7, [0000021CD3986F00][0000021CD18B9500 49] iPodTouch7, [0000021CD3863E00][0000021CD18C1680 49] iPhone5S, [0000021CD3985000][0000021CD18C5800 49] iPhone6Plus, [0000021CD3898100][0000021CD18C9980 49] iPhone6S, [0000021CD3860300][0000021CD18CDB00 49] iPhone6SPlus, [0000021CD389A800][0000021CD18D0100 49] iPhone7Plus, [0000021CD3862400][0000021CD18D4280 49] iPhoneSE, [0000021CD389A600][0000021CD18D8400 49] iPhone8, [0000021CD3860400][0000021CD4302580 49] iPhone8Plus, [0000021CD389B100][0000021CD4306700 49] iPhoneX, [0000021CD3985500][0000021CD189C840 49] iPhoneXS, [0000021CD389AB00][0000021CD430A980 49] iPhoneXSMax, [0000021CD3984700][0000021CD430EAC0 49] iPhoneXR, [0000021CD3898800][0000021CD4316C40 49] iPhone11, [0000021CD3985100][0000021CD431ADC0 49] iPhone11Pro, [0000021CD3899A00][0000021CD431EF40 49] iPhone11ProMax, [0000021CD3987700][0000021CD43230C0 49] iPhoneSE2, [0000021CD389B800][0000021CD4327240 49] iPhone12Mini, [0000021CD3986300][0000021CD432B3C0 49] iPhone12, [0000021CD389B200][0000021CD432F540 49] iPhone12Pro, [0000021CD3985300][0000021CD43336C0 49] iPhone12ProMax, [0000021CD3899500][0000021CD4337840 49] iPadPro105, [0000021CD3984A00][0000021CD433B9C0 49] iPadPro129, [0000021CD389BD00][0000021CD433FB40 49] iPadPro97, [0000021CD3986A00][0000021CD4342140 49] iPadPro2_129, [0000021CD3898E00][0000021CD43462C0 49] iPad5, [0000021CD3985F00][0000021CD434A440 49] iPad6, [0000021CD3899300][0000021CD434E5C0 49] iPad7, [0000021CD3984200][0000021CD4352740 49] iPad8, [0000021CD3898300][0000021CD43568C0 49] iPadPro11, [0000021CD3987100][0000021CD4312A00 49] iPadPro2_11, [0000021CD3899600][0000021CD435AB40 49] iPadPro3_129, [0000021CD3986700][0000021CD435EC80 49] iPadPro4_129, [0000021CD3899000][0000021CD4362DC0 49] AppleTV, [0000021CD3984900][0000021CD436AF40 49] AppleTV4K, [0000021CD389A300][0000021CD436F0C0 49] TVOS, [0000021CD3984300][0000021CD4373240 49] Mac, [0000021CD389B600][0000021CD43773C0 49] MacClient, [0000021CD3987900][0000021CD437B540 49] MacNoEditor, [0000021CD389B000][0000021CD437F6C0 49] MacServer, [0000021CD3984800][0000021CD4383840 49] Linux, [0000021CD3899D00][0000021CD43879C0 49] LinuxAArch64, [0000021CD3986B00][0000021CD438BB40 49] LinuxNoEditor, [0000021CD389BB00][0000021CD438E140 49] LinuxAArch64NoEditor, [0000021CD3984400][0000021CD43922C0 49] LinuxClient, [0000021CD389AD00][0000021CD4396440 49] LinuxAArch64Client, [0000021CD3987500][0000021CD439A5C0 49] LinuxServer, [0000021CD389BF00][0000021CD439E740 49] LinuxAArch64Server, [0000021CD3987A00][0000021CD43A28C0 49] Android, [0000021CD3899C00][0000021CD43A6A40 49] Android_Low, [0000021CD3986100][0000021CD4366B80 49] Android_Mid, [0000021CD389A200][0000021CD43AACC0 49] Android_High, [0000021CD3987400][0000021CD43AEE00 49] Android_Default, [0000021CD3899F00][0000021CD43B2F40 49] Android_Adreno4xx, [0000021CD3984B00][0000021CD43BB0C0 49] Android_Adreno5xx_Low, [0000021CD389AF00][0000021CD43BF240 49] Android_Adreno5xx, [0000021CD3987D00][0000021CD43C33C0 49] Android_Adreno6xx, [0000021CD3948500][0000021CD43C7540 49] Android_Adreno6xx_Vulkan, [0000021CD3861500][0000021CD43CB6C0 49] Android_Mali_T6xx, [0000021CD3949100][0000021CD43CF840 49] Android_Mali_T7xx, [0000021CD3863300][0000021CD43D39C0 49] Android_Mali_T8xx, [0000021CD394B000][0000021CD43D7B40 49] Android_Mali_G71, [0000021CD3860100][0000021CD43DA140 49] Android_Mali_G72, [0000021CD3949700][0000021CD43DE2C0 49] Android_Mali_G72_Vulkan, [0000021CD3861300][0000021CD43E2440 49] Android_Mali_G76, [0000021CD394BB00][0000021CD43E65C0 49] Android_Mali_G76_Vulkan, [0000021CD3862C00][0000021CD43EA740 49] Android_Mali_G77, [0000021CD3949600][0000021CD43EE8C0 49] Android_Mali_G77_Vulkan, [0000021CD3861800][0000021CD43F2A40 49] Android_Mali_G78, [0000021CD394A300][0000021CD43F6BC0 49] Android_Mali_G78_Vulkan, [0000021CD3863D00][0000021CD43FAD40 49] Android_Mali_G710, [0000021CD3948300][0000021CD43B6E80 49] Android_Mali_G710_Vulkan, [0000021CD3860200][0000021CD43FEFC0 49] Android_Vulkan_SM5, [0000021CD3948800][0000021CD4403100 49] Android_PowerVR_G6xxx, [0000021CD3862500][0000021CD440B280 49] Android_PowerVR_GT7xxx, [0000021CD3948E00][0000021CD440F400 49] Android_PowerVR_GE8xxx, [0000021CD3861400][0000021CD4413580 49] Android_PowerVR_GM9xxx, [0000021CD3948D00][0000021CD4417700 49] Android_PowerVR_GM9xxx_Vulkan, [0000021CD3862600][0000021CD441B880 49] Android_TegraK1, [0000021CD3949F00][0000021CD441FA00 49] Android_Unknown_Vulkan, [0000021CD3863C00][0000021CD4423B80 49] Lumin, [0000021CD3948A00][0000021CD4426180 49] Lumin_Desktop, [0000021CD3863B00][0000021CD442A300 49] HoloLens, 
[2023.05.01-01.46.19:317][  0]LogMeshReduction: Using QuadricMeshReduction for automatic static mesh reduction
[2023.05.01-01.46.19:317][  0]LogMeshReduction: Using SimplygonMeshReduction for automatic skeletal mesh reduction
[2023.05.01-01.46.19:317][  0]LogMeshReduction: Using ProxyLODMeshReduction for automatic mesh merging
[2023.05.01-01.46.19:317][  0]LogMeshReduction: No distributed automatic mesh merging module available
[2023.05.01-01.46.19:317][  0]LogMeshMerging: No distributed automatic mesh merging module available
[2023.05.01-01.46.19:337][  0]LogNetVersion: Inspectables 1.0.0, NetCL: 17155196, EngineNetVer: 17, GameNetVer: 0 (Checksum: 4169251734)
[2023.05.01-01.46.19:863][  0]LogTexture: Default maximum texture size for cubemaps generated from long-lat sources has been changed from 512 to unlimited. In order to preserve old behaiour for '/Engine/MapTemplates/Sky/DaylightAmbientCubemap.DaylightAmbientCubemap', its maximum texture size has been explicitly set to 512.
[2023.05.01-01.46.19:941][  0]LogHMD: PokeAHoleMaterial loaded successfully
[2023.05.01-01.46.19:950][  0]LogUObjectArray: 17075 objects as part of root set at end of initial load.
[2023.05.01-01.46.19:950][  0]LogUObjectAllocator: 4275792 out of 0 bytes used by permanent object pool.
[2023.05.01-01.46.19:950][  0]LogUObjectArray: CloseDisregardForGC: 0/0 objects in disregard for GC pool
[2023.05.01-01.46.20:497][  0]LogNiagaraDebuggerClient: Niagara Debugger Client Initialized | Session: 86CF88A0497C0E965D5CDEAB25D74B35 | Instance: 6736C73D420AC2AA07CC12B1D8B4824D (DHARPA-PC-54084).
[2023.05.01-01.46.20:543][  0]LogPython: Using Python 3.7.7
[2023.05.01-01.46.21:022][  0]LogTcpMessaging: Initializing TcpMessaging bridge
[2023.05.01-01.46.21:040][  0]LogUdpMessaging: Initializing bridge on interface 0.0.0.0:0 to multicast group 230.0.0.1:6666.
[2023.05.01-01.46.21:542][  0]SourceControl: Source control is disabled
[2023.05.01-01.46.21:543][  0]SourceControl: Source control is disabled
[2023.05.01-01.46.21:560][  0]LogOpenImageDenoise: OIDN starting up
[2023.05.01-01.46.21:565][  0]SourceControl: Source control is disabled
[2023.05.01-01.46.21:570][  0]SourceControl: Source control is disabled
[2023.05.01-01.46.21:582][  0]SourceControl: Source control is disabled
[2023.05.01-01.46.21:592][  0]LogUProjectInfo: Found projects:
[2023.05.01-01.46.21:620][  0]LogAndroidPermission: UAndroidPermissionCallbackProxy::GetInstance
[2023.05.01-01.46.21:661][  0]LogAudioCaptureCore: Display: No Audio Capture implementations found. Audio input will be silent.
[2023.05.01-01.46.21:661][  0]LogAudioCaptureCore: Display: No Audio Capture implementations found. Audio input will be silent.
[2023.05.01-01.46.21:791][  0]LogCollectionManager: Loaded 0 collections in 0.000685 seconds
[2023.05.01-01.46.21:819][  0]LogFileCache: Scanning file cache for directory 'F:/Git Proyects/Reel/Reel/Inspectables/Saved/Collections/' took 0.00s
[2023.05.01-01.46.21:819][  0]LogFileCache: Scanning file cache for directory 'F:/Git Proyects/Reel/Reel/Inspectables/Content/Developers/Dharpa/Collections/' took 0.00s
[2023.05.01-01.46.21:819][  0]LogFileCache: Scanning file cache for directory 'F:/Git Proyects/Reel/Reel/Inspectables/Content/Collections/' took 0.00s
[2023.05.01-01.46.21:819][  0]LogOcInput: OculusInput pre-init called
[2023.05.01-01.46.22:016][  0]LogEngine: Initializing Engine...
[2023.05.01-01.46.22:029][  0]LogHMD: Optional extension XR_VARJO_quad_views is not available
[2023.05.01-01.46.22:029][  0]LogHMD: Warning: Required extension XR_EXT_eye_gaze_interaction is not available
[2023.05.01-01.46.22:029][  0]LogHMD: Could not enable all required OpenXR extensions for OpenXREyeTracker on current system. This plugin will be loaded but ignored, but will be enabled on a target platform that supports the required extension.
[2023.05.01-01.46.22:047][  0]LogHMD: Failed to create an OpenXR instance, result is XR_ERROR_RUNTIME_FAILURE. Please check if you have an OpenXR runtime installed. The following extensions were enabled:
[2023.05.01-01.46.22:047][  0]LogHMD: - XR_KHR_D3D11_enable
[2023.05.01-01.46.22:047][  0]LogHMD: - XR_KHR_D3D12_enable
[2023.05.01-01.46.22:047][  0]LogHMD: - XR_KHR_opengl_enable
[2023.05.01-01.46.22:047][  0]LogHMD: - XR_KHR_vulkan_enable
[2023.05.01-01.46.22:047][  0]LogHMD: - XR_KHR_composition_layer_depth
[2023.05.01-01.46.22:047][  0]LogHMD: - XR_KHR_visibility_mask
[2023.05.01-01.46.22:047][  0]LogHMD: - XR_EXT_hand_tracking
[2023.05.01-01.46.22:047][  0]LogMagicLeap: Warning: VR disabled because ZI is not enabled.  To enable, in the editor, Edit -> Project Settings -> Plugins -> Magic Leap Plugin -> Enable Zero Iteration
[2023.05.01-01.46.22:048][  0]LogStats: UGameplayTagsManager::InitializeManager -  0.000 s
[2023.05.01-01.46.22:172][  0]LogInit: Initializing FReadOnlyCVARCache
[2023.05.01-01.46.22:182][  0]LogAIModule: Creating AISystem for world Untitled
[2023.05.01-01.46.22:183][  0]LogAudio: Display: Initializing Audio Device Manager...
[2023.05.01-01.46.22:187][  0]LogAudio: Display: Loading Default Audio Settings Objects...
[2023.05.01-01.46.22:187][  0]LogAudio: Display: No default SoundConcurrencyObject specified (or failed to load).
[2023.05.01-01.46.22:187][  0]LogAudio: Display: Audio Device Manager Initialized
[2023.05.01-01.46.22:187][  0]LogAudio: Display: Creating Audio Device:                 Id: 1, Scope: Shared, Realtime: True
[2023.05.01-01.46.22:187][  0]LogAudioMixer: Display: Audio Mixer Platform Settings:
[2023.05.01-01.46.22:187][  0]LogAudioMixer: Display: 	Sample Rate:						  48000
[2023.05.01-01.46.22:187][  0]LogAudioMixer: Display: 	Callback Buffer Frame Size Requested: 1024
[2023.05.01-01.46.22:187][  0]LogAudioMixer: Display: 	Callback Buffer Frame Size To Use:	  1024
[2023.05.01-01.46.22:187][  0]LogAudioMixer: Display: 	Number of buffers to queue:			  2
[2023.05.01-01.46.22:187][  0]LogAudioMixer: Display: 	Max Channels (voices):				  32
[2023.05.01-01.46.22:187][  0]LogAudioMixer: Display: 	Number of Async Source Workers:		  0
[2023.05.01-01.46.22:188][  0]LogAudio: Display: AudioDevice MaxSources: 32
[2023.05.01-01.46.22:188][  0]LogAudio: Display: Audio Spatialization Plugin: None (built-in).
[2023.05.01-01.46.22:188][  0]LogAudio: Display: Audio Reverb Plugin: None (built-in).
[2023.05.01-01.46.22:188][  0]LogAudio: Display: Audio Occlusion Plugin: None (built-in).
[2023.05.01-01.46.22:188][  0]LogAudioMixer: Display: Initializing audio mixer.
[2023.05.01-01.46.22:202][  0]LogAudioMixer: Display: 0: FrontLeft
[2023.05.01-01.46.22:202][  0]LogAudioMixer: Display: 1: FrontRight
[2023.05.01-01.46.22:202][  0]LogAudioMixer: Display: 2: FrontCenter
[2023.05.01-01.46.22:202][  0]LogAudioMixer: Display: 3: LowFrequency
[2023.05.01-01.46.22:202][  0]LogAudioMixer: Display: 4: BackLeft
[2023.05.01-01.46.22:202][  0]LogAudioMixer: Display: 5: BackRight
[2023.05.01-01.46.22:202][  0]LogAudioMixer: Display: 6: SideLeft
[2023.05.01-01.46.22:202][  0]LogAudioMixer: Display: 7: SideRight
[2023.05.01-01.46.22:326][  0]LogAudioMixer: Display: Using Audio Device Audífono de los auriculares con micrófono (2- CORSAIR VOID ELITE Wireless Gaming Headset)
[2023.05.01-01.46.22:328][  0]LogAudioMixer: Display: Initializing Sound Submixes...
[2023.05.01-01.46.22:331][  0]LogAudioMixer: Display: Creating Master Submix 'MasterSubmixDefault'
[2023.05.01-01.46.22:331][  0]LogAudioMixer: Display: Creating Master Submix 'MasterReverbSubmixDefault'
[2023.05.01-01.46.22:332][  0]LogAudioMixer: Display: Creating Master Submix 'MasterEQSubmixDefault'
[2023.05.01-01.46.22:332][  0]LogAudioMixer: FMixerPlatformXAudio2::StartAudioStream() called
[2023.05.01-01.46.22:332][  0]LogAudioMixer: Display: Output buffers initialized: Frames=1024, Channels=8, Samples=8192
[2023.05.01-01.46.22:333][  0]LogAudioMixer: Display: Starting AudioMixerPlatformInterface::RunInternal()
[2023.05.01-01.46.22:333][  0]LogAudioMixer: Display: FMixerPlatformXAudio2::SubmitBuffer() called for the first time
[2023.05.01-01.46.22:333][  0]LogInit: FAudioDevice initialized.
[2023.05.01-01.46.22:333][  0]LogAudio: Display: Audio Device (ID: 1) registered with world 'Untitled'.
[2023.05.01-01.46.22:333][  0]LogNetVersion: Set ProjectVersion to 1.0.0.0. Version Checksum will be recalculated on next use.
[2023.05.01-01.46.22:416][  0]LogDerivedDataCache: Saved boot cache 0.08s 94MB C:/Users/Dharpa/AppData/Local/UnrealEngine/4.27/DerivedDataCache/Boot.ddc.
[2023.05.01-01.46.22:417][  0]LogInit: Texture streaming: Enabled
[2023.05.01-01.46.22:429][  0]LogAnalytics: Display: [UEEditor.Rocket.Release] APIServer = https://datarouter.ol.epicgames.com/. AppVersion = 4.27.2-18319896+++UE4+Release-4.27
[2023.05.01-01.46.22:433][  0]LogEngineSessionManager: EngineSessionManager initialized
[2023.05.01-01.46.22:433][  0]LogEditorSessionSummary: Verbose: Initializing EditorSessionSummaryWriter for editor session tracking
[2023.05.01-01.46.22:434][  0]LogEditorSessionSummary: EditorSessionSummaryWriter initialized
[2023.05.01-01.46.22:459][  0]LogInit: Transaction tracking system initialized
[2023.05.01-01.46.22:484][  0]BlueprintLog: New page: Editor Load
[2023.05.01-01.46.22:569][  0]LocalizationService: Localization service is disabled
[2023.05.01-01.46.22:594][  0]TimingProfiler: Initialize
[2023.05.01-01.46.22:594][  0]TimingProfiler: OnSessionChanged
[2023.05.01-01.46.22:594][  0]LoadingProfiler: Initialize
[2023.05.01-01.46.22:594][  0]LoadingProfiler: OnSessionChanged
[2023.05.01-01.46.22:594][  0]NetworkingProfiler: Initialize
[2023.05.01-01.46.22:594][  0]NetworkingProfiler: OnSessionChanged
[2023.05.01-01.46.22:594][  0]MemoryProfiler: Initialize
[2023.05.01-01.46.22:594][  0]MemoryProfiler: OnSessionChanged
[2023.05.01-01.46.22:749][  0]LogCook: Display: CookSettings for Memory: MemoryMaxUsedVirtual 0MiB, MemoryMaxUsedPhysical 16384MiB, MemoryMinFreeVirtual 0MiB, MemoryMinFreePhysical 1024MiB
[2023.05.01-01.46.22:749][  0]LogFileCache: Scanning file cache for directory 'F:/Git Proyects/Reel/Reel/Inspectables/Content/' took 0.00s
[2023.05.01-01.46.22:749][  0]LogCook: Display: Mobile HDR setting 1
[2023.05.01-01.46.22:938][  0]LogInit: Display: Engine is initialized. Leaving FEngineLoop::Init()
[2023.05.01-01.46.22:942][  0]SourceControl: Source control is disabled
[2023.05.01-01.46.22:942][  0]LogUnrealEdMisc: Loading editor; pre map load, took 7.166
[2023.05.01-01.46.22:942][  0]Cmd: MAP LOAD FILE="../../../Engine/Content/Maps/Templates/Template_Default.umap" TEMPLATE=1 SHOWPROGRESS=1 FEATURELEVEL=3
[2023.05.01-01.46.22:942][  0]LightingResults: New page: Lighting Build
[2023.05.01-01.46.22:943][  0]LogWorld: UWorld::CleanupWorld for Untitled, bSessionEnded=true, bCleanupResources=true
[2023.05.01-01.46.22:943][  0]LogSlate: InvalidateAllWidgets triggered.  All widgets were invalidated
[2023.05.01-01.46.22:943][  0]MapCheck: New page: Map Check
[2023.05.01-01.46.22:943][  0]LightingResults: New page: Lighting Build
[2023.05.01-01.46.22:955][  0]LogAudio: Display: Audio Device unregistered from world 'None'.
[2023.05.01-01.46.22:957][  0]LogUObjectHash: Compacting FUObjectHashTables data took   0.64ms
[2023.05.01-01.46.22:995][  0]LogTexture: Display: Building textures: DeprecatedTextureEB9CBE3C423008B5E8E130901E171C89 (BGRA8, 128X128)
[2023.05.01-01.46.23:002][  0]LogAudio: Display: Audio Device (ID: 1) registered with world 'Untitled_1'.
[2023.05.01-01.46.23:003][  0]LogAIModule: Creating AISystem for world Untitled_1
[2023.05.01-01.46.23:006][  0]LogEditorServer: Finished looking for orphan Actors (0.000 secs)
[2023.05.01-01.46.23:010][  0]LogUObjectHash: Compacting FUObjectHashTables data took   0.66ms
[2023.05.01-01.46.23:010][  0]Cmd: MAP CHECKDEP NOCLEARLOG
[2023.05.01-01.46.23:010][  0]MapCheck: Map check complete: 0 Error(s), 0 Warning(s), took 0.231ms to complete.
[2023.05.01-01.46.23:010][  0]LogFileHelpers: Loading map 'Template_Default' took 0.069
[2023.05.01-01.46.23:012][  0]LogUnrealEdMisc: Total Editor Startup Time, took 7.237
[2023.05.01-01.46.23:252][  0]LogSlate: Updating window title bar state: overlay mode, drag disabled, window buttons hidden, title bar hidden
[2023.05.01-01.46.23:257][  0]LogSlate: Updating window title bar state: overlay mode, drag disabled, window buttons hidden, title bar hidden
[2023.05.01-01.46.23:261][  0]LogSlate: Updating window title bar state: overlay mode, drag disabled, window buttons hidden, title bar hidden
[2023.05.01-01.46.23:265][  0]LogSlate: Updating window title bar state: overlay mode, drag disabled, window buttons hidden, title bar hidden
[2023.05.01-01.46.23:291][  0]LogNativeClassHierarchy: Verbose: Native class hierarchy populated in 0.0082 seconds. Added 3814 classes and 921 folders.
[2023.05.01-01.46.23:296][  0]LogNativeClassHierarchy: Verbose: Native class hierarchy updated for 'WidgetCarousel' in 0.0002 seconds. Added 0 classes and 0 folders.
[2023.05.01-01.46.23:298][  0]LogPakFile: PakFile PrimaryIndexSize=187
[2023.05.01-01.46.23:298][  0]LogPakFile: PakFile PathHashIndexSize=101
[2023.05.01-01.46.23:298][  0]LogPakFile: PakFile FullDirectoryIndexSize=148
[2023.05.01-01.46.23:298][  0]LogShaderLibrary: Display: ShaderCodeLibraryPakFileMountedCallback: PakFile 'F:/Unreal Engine/UE_4.27/FeaturePacks/FP_FirstPerson.upack' (chunk index -1, root 'root:/') mounted
[2023.05.01-01.46.23:298][  0]LogShaderLibrary: Display: ShaderCodeLibraryPakFileMountedCallback: pending pak file info (ChunkID:-1 Root:root:/ File:F:/Unreal Engine/UE_4.27/FeaturePacks/FP_FirstPerson.upack)
[2023.05.01-01.46.23:298][  0]LogPakFile: OnPakFileMounted2Time == 0.000043
[2023.05.01-01.46.23:299][  0]LogPakFile: PakFile PrimaryIndexSize=189
[2023.05.01-01.46.23:299][  0]LogPakFile: PakFile PathHashIndexSize=101
[2023.05.01-01.46.23:299][  0]LogPakFile: PakFile FullDirectoryIndexSize=152
[2023.05.01-01.46.23:299][  0]LogShaderLibrary: Display: ShaderCodeLibraryPakFileMountedCallback: PakFile 'F:/Unreal Engine/UE_4.27/FeaturePacks/FP_FirstPersonBP.upack' (chunk index -1, root 'root:/') mounted
[2023.05.01-01.46.23:299][  0]LogShaderLibrary: Display: ShaderCodeLibraryPakFileMountedCallback: pending pak file info (ChunkID:-1 Root:root:/ File:F:/Unreal Engine/UE_4.27/FeaturePacks/FP_FirstPersonBP.upack)
[2023.05.01-01.46.23:299][  0]LogPakFile: OnPakFileMounted2Time == 0.000027
[2023.05.01-01.46.23:299][  0]LogPakFile: PakFile PrimaryIndexSize=191
[2023.05.01-01.46.23:299][  0]LogPakFile: PakFile PathHashIndexSize=101
[2023.05.01-01.46.23:299][  0]LogPakFile: PakFile FullDirectoryIndexSize=160
[2023.05.01-01.46.23:299][  0]LogShaderLibrary: Display: ShaderCodeLibraryPakFileMountedCallback: PakFile 'F:/Unreal Engine/UE_4.27/FeaturePacks/MobileStarterContent.upack' (chunk index -1, root 'root:/') mounted
[2023.05.01-01.46.23:299][  0]LogShaderLibrary: Display: ShaderCodeLibraryPakFileMountedCallback: pending pak file info (ChunkID:-1 Root:root:/ File:F:/Unreal Engine/UE_4.27/FeaturePacks/MobileStarterContent.upack)
[2023.05.01-01.46.23:299][  0]LogPakFile: OnPakFileMounted2Time == 0.000024
[2023.05.01-01.46.23:300][  0]LogPakFile: PakFile PrimaryIndexSize=185
[2023.05.01-01.46.23:300][  0]LogPakFile: PakFile PathHashIndexSize=101
[2023.05.01-01.46.23:300][  0]LogPakFile: PakFile FullDirectoryIndexSize=148
[2023.05.01-01.46.23:300][  0]LogShaderLibrary: Display: ShaderCodeLibraryPakFileMountedCallback: PakFile 'F:/Unreal Engine/UE_4.27/FeaturePacks/StarterContent.upack' (chunk index -1, root 'root:/') mounted
[2023.05.01-01.46.23:300][  0]LogShaderLibrary: Display: ShaderCodeLibraryPakFileMountedCallback: pending pak file info (ChunkID:-1 Root:root:/ File:F:/Unreal Engine/UE_4.27/FeaturePacks/StarterContent.upack)
[2023.05.01-01.46.23:300][  0]LogPakFile: OnPakFileMounted2Time == 0.000024
[2023.05.01-01.46.23:301][  0]LogPakFile: PakFile PrimaryIndexSize=190
[2023.05.01-01.46.23:301][  0]LogPakFile: PakFile PathHashIndexSize=101
[2023.05.01-01.46.23:301][  0]LogPakFile: PakFile FullDirectoryIndexSize=154
[2023.05.01-01.46.23:301][  0]LogShaderLibrary: Display: ShaderCodeLibraryPakFileMountedCallback: PakFile 'F:/Unreal Engine/UE_4.27/FeaturePacks/TP_2DSideScroller.upack' (chunk index -1, root 'root:/') mounted
[2023.05.01-01.46.23:301][  0]LogShaderLibrary: Display: ShaderCodeLibraryPakFileMountedCallback: pending pak file info (ChunkID:-1 Root:root:/ File:F:/Unreal Engine/UE_4.27/FeaturePacks/TP_2DSideScroller.upack)
[2023.05.01-01.46.23:301][  0]LogPakFile: OnPakFileMounted2Time == 0.000023
[2023.05.01-01.46.23:301][  0]LogPakFile: PakFile PrimaryIndexSize=192
[2023.05.01-01.46.23:301][  0]LogPakFile: PakFile PathHashIndexSize=101
[2023.05.01-01.46.23:301][  0]LogPakFile: PakFile FullDirectoryIndexSize=158
[2023.05.01-01.46.23:301][  0]LogShaderLibrary: Display: ShaderCodeLibraryPakFileMountedCallback: PakFile 'F:/Unreal Engine/UE_4.27/FeaturePacks/TP_2DSideScrollerBP.upack' (chunk index -1, root 'root:/') mounted
[2023.05.01-01.46.23:301][  0]LogShaderLibrary: Display: ShaderCodeLibraryPakFileMountedCallback: pending pak file info (ChunkID:-1 Root:root:/ File:F:/Unreal Engine/UE_4.27/FeaturePacks/TP_2DSideScrollerBP.upack)
[2023.05.01-01.46.23:301][  0]LogPakFile: OnPakFileMounted2Time == 0.000025
[2023.05.01-01.46.23:302][  0]LogPakFile: PakFile PrimaryIndexSize=182
[2023.05.01-01.46.23:302][  0]LogPakFile: PakFile PathHashIndexSize=101
[2023.05.01-01.46.23:302][  0]LogPakFile: PakFile FullDirectoryIndexSize=138
[2023.05.01-01.46.23:302][  0]LogShaderLibrary: Display: ShaderCodeLibraryPakFileMountedCallback: PakFile 'F:/Unreal Engine/UE_4.27/FeaturePacks/TP_Flying.upack' (chunk index -1, root 'root:/') mounted
[2023.05.01-01.46.23:302][  0]LogShaderLibrary: Display: ShaderCodeLibraryPakFileMountedCallback: pending pak file info (ChunkID:-1 Root:root:/ File:F:/Unreal Engine/UE_4.27/FeaturePacks/TP_Flying.upack)
[2023.05.01-01.46.23:302][  0]LogPakFile: OnPakFileMounted2Time == 0.000022
[2023.05.01-01.46.23:303][  0]LogPakFile: PakFile PrimaryIndexSize=184
[2023.05.01-01.46.23:303][  0]LogPakFile: PakFile PathHashIndexSize=101
[2023.05.01-01.46.23:303][  0]LogPakFile: PakFile FullDirectoryIndexSize=142
[2023.05.01-01.46.23:303][  0]LogShaderLibrary: Display: ShaderCodeLibraryPakFileMountedCallback: PakFile 'F:/Unreal Engine/UE_4.27/FeaturePacks/TP_FlyingBP.upack' (chunk index -1, root 'root:/') mounted
[2023.05.01-01.46.23:303][  0]LogShaderLibrary: Display: ShaderCodeLibraryPakFileMountedCallback: pending pak file info (ChunkID:-1 Root:root:/ File:F:/Unreal Engine/UE_4.27/FeaturePacks/TP_FlyingBP.upack)
[2023.05.01-01.46.23:303][  0]LogPakFile: OnPakFileMounted2Time == 0.000025
[2023.05.01-01.46.23:303][  0]LogPakFile: PakFile PrimaryIndexSize=188
[2023.05.01-01.46.23:303][  0]LogPakFile: PakFile PathHashIndexSize=101
[2023.05.01-01.46.23:303][  0]LogPakFile: PakFile FullDirectoryIndexSize=150
[2023.05.01-01.46.23:303][  0]LogShaderLibrary: Display: ShaderCodeLibraryPakFileMountedCallback: PakFile 'F:/Unreal Engine/UE_4.27/FeaturePacks/TP_HandheldARBP.upack' (chunk index -1, root 'root:/') mounted
[2023.05.01-01.46.23:303][  0]LogShaderLibrary: Display: ShaderCodeLibraryPakFileMountedCallback: pending pak file info (ChunkID:-1 Root:root:/ File:F:/Unreal Engine/UE_4.27/FeaturePacks/TP_HandheldARBP.upack)
[2023.05.01-01.46.23:303][  0]LogPakFile: OnPakFileMounted2Time == 0.000023
[2023.05.01-01.46.23:304][  0]LogPakFile: PakFile PrimaryIndexSize=182
[2023.05.01-01.46.23:304][  0]LogPakFile: PakFile PathHashIndexSize=101
[2023.05.01-01.46.23:304][  0]LogPakFile: PakFile FullDirectoryIndexSize=138
[2023.05.01-01.46.23:304][  0]LogShaderLibrary: Display: ShaderCodeLibraryPakFileMountedCallback: PakFile 'F:/Unreal Engine/UE_4.27/FeaturePacks/TP_Puzzle.upack' (chunk index -1, root 'root:/') mounted
[2023.05.01-01.46.23:304][  0]LogShaderLibrary: Display: ShaderCodeLibraryPakFileMountedCallback: pending pak file info (ChunkID:-1 Root:root:/ File:F:/Unreal Engine/UE_4.27/FeaturePacks/TP_Puzzle.upack)
[2023.05.01-01.46.23:304][  0]LogPakFile: OnPakFileMounted2Time == 0.000026
[2023.05.01-01.46.23:305][  0]LogPakFile: PakFile PrimaryIndexSize=184
[2023.05.01-01.46.23:305][  0]LogPakFile: PakFile PathHashIndexSize=101
[2023.05.01-01.46.23:305][  0]LogPakFile: PakFile FullDirectoryIndexSize=142
[2023.05.01-01.46.23:305][  0]LogShaderLibrary: Display: ShaderCodeLibraryPakFileMountedCallback: PakFile 'F:/Unreal Engine/UE_4.27/FeaturePacks/TP_PuzzleBP.upack' (chunk index -1, root 'root:/') mounted
[2023.05.01-01.46.23:305][  0]LogShaderLibrary: Display: ShaderCodeLibraryPakFileMountedCallback: pending pak file info (ChunkID:-1 Root:root:/ File:F:/Unreal Engine/UE_4.27/FeaturePacks/TP_PuzzleBP.upack)
[2023.05.01-01.46.23:305][  0]LogPakFile: OnPakFileMounted2Time == 0.000022
[2023.05.01-01.46.23:305][  0]LogPakFile: PakFile PrimaryIndexSize=183
[2023.05.01-01.46.23:305][  0]LogPakFile: PakFile PathHashIndexSize=101
[2023.05.01-01.46.23:305][  0]LogPakFile: PakFile FullDirectoryIndexSize=140
[2023.05.01-01.46.23:305][  0]LogShaderLibrary: Display: ShaderCodeLibraryPakFileMountedCallback: PakFile 'F:/Unreal Engine/UE_4.27/FeaturePacks/TP_Rolling.upack' (chunk index -1, root 'root:/') mounted
[2023.05.01-01.46.23:305][  0]LogShaderLibrary: Display: ShaderCodeLibraryPakFileMountedCallback: pending pak file info (ChunkID:-1 Root:root:/ File:F:/Unreal Engine/UE_4.27/FeaturePacks/TP_Rolling.upack)
[2023.05.01-01.46.23:305][  0]LogPakFile: OnPakFileMounted2Time == 0.000022
[2023.05.01-01.46.23:306][  0]LogPakFile: PakFile PrimaryIndexSize=185
[2023.05.01-01.46.23:306][  0]LogPakFile: PakFile PathHashIndexSize=101
[2023.05.01-01.46.23:306][  0]LogPakFile: PakFile FullDirectoryIndexSize=144
[2023.05.01-01.46.23:306][  0]LogShaderLibrary: Display: ShaderCodeLibraryPakFileMountedCallback: PakFile 'F:/Unreal Engine/UE_4.27/FeaturePacks/TP_RollingBP.upack' (chunk index -1, root 'root:/') mounted
[2023.05.01-01.46.23:306][  0]LogShaderLibrary: Display: ShaderCodeLibraryPakFileMountedCallback: pending pak file info (ChunkID:-1 Root:root:/ File:F:/Unreal Engine/UE_4.27/FeaturePacks/TP_RollingBP.upack)
[2023.05.01-01.46.23:306][  0]LogPakFile: OnPakFileMounted2Time == 0.000022
[2023.05.01-01.46.23:307][  0]LogPakFile: PakFile PrimaryIndexSize=188
[2023.05.01-01.46.23:307][  0]LogPakFile: PakFile PathHashIndexSize=101
[2023.05.01-01.46.23:307][  0]LogPakFile: PakFile FullDirectoryIndexSize=150
[2023.05.01-01.46.23:307][  0]LogShaderLibrary: Display: ShaderCodeLibraryPakFileMountedCallback: PakFile 'F:/Unreal Engine/UE_4.27/FeaturePacks/TP_SideScroller.upack' (chunk index -1, root 'root:/') mounted
[2023.05.01-01.46.23:307][  0]LogShaderLibrary: Display: ShaderCodeLibraryPakFileMountedCallback: pending pak file info (ChunkID:-1 Root:root:/ File:F:/Unreal Engine/UE_4.27/FeaturePacks/TP_SideScroller.upack)
[2023.05.01-01.46.23:307][  0]LogPakFile: OnPakFileMounted2Time == 0.000022
[2023.05.01-01.46.23:307][  0]LogPakFile: PakFile PrimaryIndexSize=190
[2023.05.01-01.46.23:307][  0]LogPakFile: PakFile PathHashIndexSize=101
[2023.05.01-01.46.23:307][  0]LogPakFile: PakFile FullDirectoryIndexSize=154
[2023.05.01-01.46.23:307][  0]LogShaderLibrary: Display: ShaderCodeLibraryPakFileMountedCallback: PakFile 'F:/Unreal Engine/UE_4.27/FeaturePacks/TP_SideScrollerBP.upack' (chunk index -1, root 'root:/') mounted
[2023.05.01-01.46.23:307][  0]LogShaderLibrary: Display: ShaderCodeLibraryPakFileMountedCallback: pending pak file info (ChunkID:-1 Root:root:/ File:F:/Unreal Engine/UE_4.27/FeaturePacks/TP_SideScrollerBP.upack)
[2023.05.01-01.46.23:307][  0]LogPakFile: OnPakFileMounted2Time == 0.000022
[2023.05.01-01.46.23:308][  0]LogPakFile: PakFile PrimaryIndexSize=187
[2023.05.01-01.46.23:308][  0]LogPakFile: PakFile PathHashIndexSize=101
[2023.05.01-01.46.23:308][  0]LogPakFile: PakFile FullDirectoryIndexSize=148
[2023.05.01-01.46.23:308][  0]LogShaderLibrary: Display: ShaderCodeLibraryPakFileMountedCallback: PakFile 'F:/Unreal Engine/UE_4.27/FeaturePacks/TP_ThirdPerson.upack' (chunk index -1, root 'root:/') mounted
[2023.05.01-01.46.23:308][  0]LogShaderLibrary: Display: ShaderCodeLibraryPakFileMountedCallback: pending pak file info (ChunkID:-1 Root:root:/ File:F:/Unreal Engine/UE_4.27/FeaturePacks/TP_ThirdPerson.upack)
[2023.05.01-01.46.23:308][  0]LogPakFile: OnPakFileMounted2Time == 0.000022
[2023.05.01-01.46.23:308][  0]LogPakFile: PakFile PrimaryIndexSize=189
[2023.05.01-01.46.23:309][  0]LogPakFile: PakFile PathHashIndexSize=101
[2023.05.01-01.46.23:309][  0]LogPakFile: PakFile FullDirectoryIndexSize=152
[2023.05.01-01.46.23:309][  0]LogShaderLibrary: Display: ShaderCodeLibraryPakFileMountedCallback: PakFile 'F:/Unreal Engine/UE_4.27/FeaturePacks/TP_ThirdPersonBP.upack' (chunk index -1, root 'root:/') mounted
[2023.05.01-01.46.23:309][  0]LogShaderLibrary: Display: ShaderCodeLibraryPakFileMountedCallback: pending pak file info (ChunkID:-1 Root:root:/ File:F:/Unreal Engine/UE_4.27/FeaturePacks/TP_ThirdPersonBP.upack)
[2023.05.01-01.46.23:309][  0]LogPakFile: OnPakFileMounted2Time == 0.000022
[2023.05.01-01.46.23:309][  0]LogPakFile: PakFile PrimaryIndexSize=183
[2023.05.01-01.46.23:309][  0]LogPakFile: PakFile PathHashIndexSize=101
[2023.05.01-01.46.23:309][  0]LogPakFile: PakFile FullDirectoryIndexSize=140
[2023.05.01-01.46.23:309][  0]LogShaderLibrary: Display: ShaderCodeLibraryPakFileMountedCallback: PakFile 'F:/Unreal Engine/UE_4.27/FeaturePacks/TP_TopDown.upack' (chunk index -1, root 'root:/') mounted
[2023.05.01-01.46.23:309][  0]LogShaderLibrary: Display: ShaderCodeLibraryPakFileMountedCallback: pending pak file info (ChunkID:-1 Root:root:/ File:F:/Unreal Engine/UE_4.27/FeaturePacks/TP_TopDown.upack)
[2023.05.01-01.46.23:309][  0]LogPakFile: OnPakFileMounted2Time == 0.000027
[2023.05.01-01.46.23:310][  0]LogPakFile: PakFile PrimaryIndexSize=185
[2023.05.01-01.46.23:310][  0]LogPakFile: PakFile PathHashIndexSize=101
[2023.05.01-01.46.23:310][  0]LogPakFile: PakFile FullDirectoryIndexSize=144
[2023.05.01-01.46.23:310][  0]LogShaderLibrary: Display: ShaderCodeLibraryPakFileMountedCallback: PakFile 'F:/Unreal Engine/UE_4.27/FeaturePacks/TP_TopDownBP.upack' (chunk index -1, root 'root:/') mounted
[2023.05.01-01.46.23:310][  0]LogShaderLibrary: Display: ShaderCodeLibraryPakFileMountedCallback: pending pak file info (ChunkID:-1 Root:root:/ File:F:/Unreal Engine/UE_4.27/FeaturePacks/TP_TopDownBP.upack)
[2023.05.01-01.46.23:310][  0]LogPakFile: OnPakFileMounted2Time == 0.000022
[2023.05.01-01.46.23:310][  0]LogPakFile: PakFile PrimaryIndexSize=185
[2023.05.01-01.46.23:310][  0]LogPakFile: PakFile PathHashIndexSize=101
[2023.05.01-01.46.23:310][  0]LogPakFile: PakFile FullDirectoryIndexSize=144
[2023.05.01-01.46.23:310][  0]LogShaderLibrary: Display: ShaderCodeLibraryPakFileMountedCallback: PakFile 'F:/Unreal Engine/UE_4.27/FeaturePacks/TP_TwinStick.upack' (chunk index -1, root 'root:/') mounted
[2023.05.01-01.46.23:310][  0]LogShaderLibrary: Display: ShaderCodeLibraryPakFileMountedCallback: pending pak file info (ChunkID:-1 Root:root:/ File:F:/Unreal Engine/UE_4.27/FeaturePacks/TP_TwinStick.upack)
[2023.05.01-01.46.23:310][  0]LogPakFile: OnPakFileMounted2Time == 0.000022
[2023.05.01-01.46.23:311][  0]LogPakFile: PakFile PrimaryIndexSize=187
[2023.05.01-01.46.23:311][  0]LogPakFile: PakFile PathHashIndexSize=101
[2023.05.01-01.46.23:311][  0]LogPakFile: PakFile FullDirectoryIndexSize=148
[2023.05.01-01.46.23:311][  0]LogShaderLibrary: Display: ShaderCodeLibraryPakFileMountedCallback: PakFile 'F:/Unreal Engine/UE_4.27/FeaturePacks/TP_TwinStickBP.upack' (chunk index -1, root 'root:/') mounted
[2023.05.01-01.46.23:311][  0]LogShaderLibrary: Display: ShaderCodeLibraryPakFileMountedCallback: pending pak file info (ChunkID:-1 Root:root:/ File:F:/Unreal Engine/UE_4.27/FeaturePacks/TP_TwinStickBP.upack)
[2023.05.01-01.46.23:311][  0]LogPakFile: OnPakFileMounted2Time == 0.000025
[2023.05.01-01.46.23:312][  0]LogPakFile: PakFile PrimaryIndexSize=183
[2023.05.01-01.46.23:312][  0]LogPakFile: PakFile PathHashIndexSize=101
[2023.05.01-01.46.23:312][  0]LogPakFile: PakFile FullDirectoryIndexSize=140
[2023.05.01-01.46.23:312][  0]LogShaderLibrary: Display: ShaderCodeLibraryPakFileMountedCallback: PakFile 'F:/Unreal Engine/UE_4.27/FeaturePacks/TP_Vehicle.upack' (chunk index -1, root 'root:/') mounted
[2023.05.01-01.46.23:312][  0]LogShaderLibrary: Display: ShaderCodeLibraryPakFileMountedCallback: pending pak file info (ChunkID:-1 Root:root:/ File:F:/Unreal Engine/UE_4.27/FeaturePacks/TP_Vehicle.upack)
[2023.05.01-01.46.23:312][  0]LogPakFile: OnPakFileMounted2Time == 0.000022
[2023.05.01-01.46.23:312][  0]LogPakFile: PakFile PrimaryIndexSize=186
[2023.05.01-01.46.23:312][  0]LogPakFile: PakFile PathHashIndexSize=101
[2023.05.01-01.46.23:312][  0]LogPakFile: PakFile FullDirectoryIndexSize=146
[2023.05.01-01.46.23:312][  0]LogShaderLibrary: Display: ShaderCodeLibraryPakFileMountedCallback: PakFile 'F:/Unreal Engine/UE_4.27/FeaturePacks/TP_VehicleAdv.upack' (chunk index -1, root 'root:/') mounted
[2023.05.01-01.46.23:312][  0]LogShaderLibrary: Display: ShaderCodeLibraryPakFileMountedCallback: pending pak file info (ChunkID:-1 Root:root:/ File:F:/Unreal Engine/UE_4.27/FeaturePacks/TP_VehicleAdv.upack)
[2023.05.01-01.46.23:312][  0]LogPakFile: OnPakFileMounted2Time == 0.000022
[2023.05.01-01.46.23:313][  0]LogPakFile: PakFile PrimaryIndexSize=188
[2023.05.01-01.46.23:313][  0]LogPakFile: PakFile PathHashIndexSize=101
[2023.05.01-01.46.23:313][  0]LogPakFile: PakFile FullDirectoryIndexSize=150
[2023.05.01-01.46.23:313][  0]LogShaderLibrary: Display: ShaderCodeLibraryPakFileMountedCallback: PakFile 'F:/Unreal Engine/UE_4.27/FeaturePacks/TP_VehicleAdvBP.upack' (chunk index -1, root 'root:/') mounted
[2023.05.01-01.46.23:313][  0]LogShaderLibrary: Display: ShaderCodeLibraryPakFileMountedCallback: pending pak file info (ChunkID:-1 Root:root:/ File:F:/Unreal Engine/UE_4.27/FeaturePacks/TP_VehicleAdvBP.upack)
[2023.05.01-01.46.23:313][  0]LogPakFile: OnPakFileMounted2Time == 0.000022
[2023.05.01-01.46.23:314][  0]LogPakFile: PakFile PrimaryIndexSize=185
[2023.05.01-01.46.23:314][  0]LogPakFile: PakFile PathHashIndexSize=101
[2023.05.01-01.46.23:314][  0]LogPakFile: PakFile FullDirectoryIndexSize=144
[2023.05.01-01.46.23:314][  0]LogShaderLibrary: Display: ShaderCodeLibraryPakFileMountedCallback: PakFile 'F:/Unreal Engine/UE_4.27/FeaturePacks/TP_VehicleBP.upack' (chunk index -1, root 'root:/') mounted
[2023.05.01-01.46.23:314][  0]LogShaderLibrary: Display: ShaderCodeLibraryPakFileMountedCallback: pending pak file info (ChunkID:-1 Root:root:/ File:F:/Unreal Engine/UE_4.27/FeaturePacks/TP_VehicleBP.upack)
[2023.05.01-01.46.23:314][  0]LogPakFile: OnPakFileMounted2Time == 0.000025
[2023.05.01-01.46.23:314][  0]LogPakFile: PakFile PrimaryIndexSize=192
[2023.05.01-01.46.23:314][  0]LogPakFile: PakFile PathHashIndexSize=101
[2023.05.01-01.46.23:314][  0]LogPakFile: PakFile FullDirectoryIndexSize=158
[2023.05.01-01.46.23:314][  0]LogShaderLibrary: Display: ShaderCodeLibraryPakFileMountedCallback: PakFile 'F:/Unreal Engine/UE_4.27/FeaturePacks/TP_VirtualRealityBP.upack' (chunk index -1, root 'root:/') mounted
[2023.05.01-01.46.23:314][  0]LogShaderLibrary: Display: ShaderCodeLibraryPakFileMountedCallback: pending pak file info (ChunkID:-1 Root:root:/ File:F:/Unreal Engine/UE_4.27/FeaturePacks/TP_VirtualRealityBP.upack)
[2023.05.01-01.46.23:314][  0]LogPakFile: OnPakFileMounted2Time == 0.000023
[2023.05.01-01.46.23:372][  0]LogNativeClassHierarchy: Verbose: Native class hierarchy updated for 'AddContentDialog' in 0.0003 seconds. Added 0 classes and 0 folders.
[2023.05.01-01.46.23:400][  0]LogNativeClassHierarchy: Verbose: Native class hierarchy updated for 'WorldBrowser' in 0.0003 seconds. Added 2 classes and 3 folders.
[2023.05.01-01.46.23:421][  0]LogSlate: Took 0.000176 seconds to synchronously load lazily loaded font '../../../Engine/Content/Slate/Fonts/Roboto-Regular.ttf' (155K)
[2023.05.01-01.46.23:427][  0]LogSlate: Took 0.004940 seconds to synchronously load lazily loaded font '../../../Engine/Content/Editor/Slate/Fonts/FontAwesome.ttf' (139K)
[2023.05.01-01.46.23:430][  0]LogSlate: Took 0.000177 seconds to synchronously load lazily loaded font '../../../Engine/Content/Slate/Fonts/Roboto-Bold.ttf' (160K)
[2023.05.01-01.46.23:486][  0]LogRenderer: Reallocating scene render targets to support 1068x556 Format 10 NumSamples 1 (Frame:1).
[2023.05.01-01.46.23:562][  0]LogNativeClassHierarchy: Verbose: Native class hierarchy updated for 'HierarchicalLODOutliner' in 0.0003 seconds. Added 0 classes and 0 folders.
[2023.05.01-01.46.23:562][  0]LogLoad: (Engine Initialization) Total time: 7.79 seconds
[2023.05.01-01.46.23:562][  0]LogLoad: (Engine Initialization) Total Blueprint compile time: 0.00 seconds
[2023.05.01-01.46.23:600][  0]LogAssetRegistry: Asset discovery search completed in 4.7021 seconds
[2023.05.01-01.46.23:605][  0]LogCollectionManager: Fixed up redirectors for 0 collections in 0.000004 seconds (updated 0 objects)
[2023.05.01-01.46.23:608][  0]LogContentStreaming: Texture pool size now 800 MB
[2023.05.01-01.47.52:020][ 62]LogSlate: Took 0.000159 seconds to synchronously load lazily loaded font '../../../Engine/Content/Slate/Fonts/Roboto-Light.ttf' (167K)
[2023.05.01-01.47.52:047][ 62]LogEditorClassViewer: Warning: Class /Engine/Tutorial/InWorldBlueprintEditing/TutorialAssets/IWBE_Blutility.IWBE_Blutility_C has parent /Script/Blutility.PlacedEditorUtilityBase, but this parent is not found. The Class will not be shown in ClassViewer.
[2023.05.01-01.47.52:085][ 62]LogSlate: Took 0.000199 seconds to synchronously load lazily loaded font '../../../Engine/Content/Slate/Fonts/Roboto-BoldCondensed.ttf' (158K)
[2023.05.01-01.48.23:351][715]LogSlate: Window 'Add C++ Class' being destroyed
[2023.05.01-01.48.58:423][819]Running F:/Unreal Engine/UE_4.27/Engine/Binaries/DotNET/UnrealBuildTool.exe  -projectfiles -project="F:/Git Proyects/Reel/Reel/Inspectables/Inspectables.uproject" -game -rocket -progress
[2023.05.01-01.48.58:728][819]Discovering modules, targets and source code for project...
[2023.05.01-01.49.00:936][819]Binding IntelliSense data...
[2023.05.01-01.49.07:266][819]Binding IntelliSense data... 100%
[2023.05.01-01.49.07:266][819]Writing project files...
[2023.05.01-01.49.09:674][819]Writing project files... 100%
[2023.05.01-01.49.09:774][819]LogHotReload: Recompiling module Inspectables...
[2023.05.01-01.49.09:782][819]Candidate modules for hot reload:
[2023.05.01-01.49.09:782][819]  Inspectables
[2023.05.01-01.49.09:782][819]Launching UnrealBuildTool... [F:/Unreal Engine/UE_4.27/Engine/Binaries/DotNET/UnrealBuildTool.exe  -ModuleWithSuffix=Inspectables,0677 InspectablesEditor Win64 Development -Project="F:/Git Proyects/Reel/Reel/Inspectables/Inspectables.uproject" "F:/Git Proyects/Reel/Reel/Inspectables/Inspectables.uproject"  -IgnoreJunk]
[2023.05.01-01.50.18:675][819]Using 'git status' to determine working set for adaptive non-unity build (F:\Git Proyects\Reel\Reel).
Creating makefile for InspectablesEditor (no existing makefile)
Parsing headers for InspectablesEditor
  Running UnrealHeaderTool "F:\Git Proyects\Reel\Reel\Inspectables\Inspectables.uproject" "F:\Git Proyects\Reel\Reel\Inspectables\Intermediate\Build\Win64\InspectablesEditor\Development\InspectablesEditor.uhtmanifest" -LogCmds="loginit warning, logexit warning, logdatabase error" -Unattended -WarningsAsErrors -abslog="C:\Users\Dharpa\AppData\Local\UnrealBuildTool\Log_UHT.txt" -installed
LogInit: Display: Loading text-based GConfig....
Reflection code generated for InspectablesEditor in 7,8917337 seconds
Building InspectablesEditor...
Using Visual Studio 2022 14.32.31332 toolchain (C:\Program Files\Microsoft Visual Studio\2022\Community\VC\Tools\MSVC\14.32.31326) and Windows 10.0.19041.0 SDK (C:\Program Files (x86)\Windows Kits\10).
Building 7 actions with 16 processes...
  [1/7] Default.rc2
  [2/7] SharedPCH.Engine.ShadowErrors.cpp
  Detected compiler newer than Visual Studio 2019, please update min version checking in WindowsPlatformCompilerSetup.h
  [3/7] InspectablesProyect.cpp
  [4/7] Inspectables.cpp
  [5/7] UE4Editor-Inspectables-0677.lib
     Creando biblioteca F:\Git Proyects\Reel\Reel\Inspectables\Intermediate\Build\Win64\UE4Editor\Development\Inspectables\UE4Editor-Inspectables-0677.lib y objeto F:\Git Proyects\Reel\Reel\Inspectables\Intermediate\Build\Win64\UE4Editor\Development\Inspectables\UE4Editor-Inspectables-0677.exp
  [6/7] UE4Editor-Inspectables-0677.dll
     Creando biblioteca F:\Git Proyects\Reel\Reel\Inspectables\Intermediate\Build\Win64\UE4Editor\Development\Inspectables\UE4Editor-Inspectables-0677.suppressed.lib y objeto F:\Git Proyects\Reel\Reel\Inspectables\Intermediate\Build\Win64\UE4Editor\Development\Inspectables\UE4Editor-Inspectables-0677.suppressed.exp
  [7/7] InspectablesEditor.target
Total time in Parallel executor: 52,94 seconds
Total execution time: 68,78 seconds

[2023.05.01-01.50.18:683][819]CompilerResultsLog: New page: Compilation - May 1, 2023, 5:50:18 AM
[2023.05.01-01.50.18:683][819]CompilerResultsLog: Using 'git status' to determine working set for adaptive non-unity build (F:\Git Proyects\Reel\Reel).
[2023.05.01-01.50.18:683][819]CompilerResultsLog: Creating makefile for InspectablesEditor (no existing makefile)
[2023.05.01-01.50.18:683][819]CompilerResultsLog: Parsing headers for InspectablesEditor
[2023.05.01-01.50.18:683][819]CompilerResultsLog:   Running UnrealHeaderTool "F:\Git Proyects\Reel\Reel\Inspectables\Inspectables.uproject" "F:\Git Proyects\Reel\Reel\Inspectables\Intermediate\Build\Win64\InspectablesEditor\Development\InspectablesEditor.uhtmanifest" -LogCmds="loginit warning, logexit warning, logdatabase error" -Unattended -WarningsAsErrors -abslog="C:\Users\Dharpa\AppData\Local\UnrealBuildTool\Log_UHT.txt" -installed
[2023.05.01-01.50.18:683][819]CompilerResultsLog: LogInit: Display: Loading text-based GConfig....
[2023.05.01-01.50.18:683][819]CompilerResultsLog: Reflection code generated for InspectablesEditor in 7,8917337 seconds
[2023.05.01-01.50.18:683][819]CompilerResultsLog: Building InspectablesEditor...
[2023.05.01-01.50.18:683][819]CompilerResultsLog: Using Visual Studio 2022 14.32.31332 toolchain (C:\Program Files\Microsoft Visual Studio\2022\Community\VC\Tools\MSVC\14.32.31326) and Windows 10.0.19041.0 SDK (C:\Program Files (x86)\Windows Kits\10).
[2023.05.01-01.50.18:683][819]CompilerResultsLog: Building 7 actions with 16 processes...
[2023.05.01-01.50.18:683][819]CompilerResultsLog:   [1/7] Default.rc2
[2023.05.01-01.50.18:683][819]CompilerResultsLog:   [2/7] SharedPCH.Engine.ShadowErrors.cpp
[2023.05.01-01.50.18:683][819]CompilerResultsLog:   Detected compiler newer than Visual Studio 2019, please update min version checking in WindowsPlatformCompilerSetup.h
[2023.05.01-01.50.18:683][819]CompilerResultsLog:   [3/7] InspectablesProyect.cpp
[2023.05.01-01.50.18:683][819]CompilerResultsLog:   [4/7] Inspectables.cpp
[2023.05.01-01.50.18:683][819]CompilerResultsLog:   [5/7] UE4Editor-Inspectables-0677.lib
[2023.05.01-01.50.18:683][819]CompilerResultsLog:      Creando biblioteca F:\Git Proyects\Reel\Reel\Inspectables\Intermediate\Build\Win64\UE4Editor\Development\Inspectables\UE4Editor-Inspectables-0677.lib y objeto F:\Git Proyects\Reel\Reel\Inspectables\Intermediate\Build\Win64\UE4Editor\Development\Inspectables\UE4Editor-Inspectables-0677.exp
[2023.05.01-01.50.18:683][819]CompilerResultsLog:   [6/7] UE4Editor-Inspectables-0677.dll
[2023.05.01-01.50.18:683][819]CompilerResultsLog:      Creando biblioteca F:\Git Proyects\Reel\Reel\Inspectables\Intermediate\Build\Win64\UE4Editor\Development\Inspectables\UE4Editor-Inspectables-0677.suppressed.lib y objeto F:\Git Proyects\Reel\Reel\Inspectables\Intermediate\Build\Win64\UE4Editor\Development\Inspectables\UE4Editor-Inspectables-0677.suppressed.exp
[2023.05.01-01.50.18:683][819]CompilerResultsLog:   [7/7] InspectablesEditor.target
[2023.05.01-01.50.18:683][819]CompilerResultsLog: Total time in Parallel executor: 52,94 seconds
[2023.05.01-01.50.18:683][819]CompilerResultsLog: Total execution time: 68,78 seconds
[2023.05.01-01.50.18:683][819]LogMainFrame: MainFrame: Module compiling took 68.910 seconds
[2023.05.01-01.50.18:687][819]Reloading module Inspectables after successful compile.
[2023.05.01-01.50.18:710][819]LogUObjectHash: Compacting FUObjectHashTables data took   0.75ms
[2023.05.01-01.50.18:720][819]LogNativeClassHierarchy: Verbose: Native class hierarchy populated in 0.0093 seconds. Added 3816 classes and 924 folders.
[2023.05.01-01.50.18:760][819]LogSlate: Window 'Add C++ Class' being destroyed
